{"C:\\Users\\fajra\\Apps Development\\Dicoding Submission\\forum-api-starter-project\\src\\Applications\\security\\AuthenticationTokenManager.js": {"path":"C:\\Users\\fajra\\Apps Development\\Dicoding Submission\\forum-api-starter-project\\src\\Applications\\security\\AuthenticationTokenManager.js","statementMap":{"0":{"start":{"line":3,"column":4},"end":{"line":3,"column":75}},"1":{"start":{"line":7,"column":4},"end":{"line":7,"column":75}},"2":{"start":{"line":11,"column":4},"end":{"line":11,"column":75}},"3":{"start":{"line":15,"column":4},"end":{"line":15,"column":75}},"4":{"start":{"line":19,"column":0},"end":{"line":19,"column":44}}},"fnMap":{"0":{"name":"(anonymous_0)","decl":{"start":{"line":2,"column":2},"end":{"line":2,"column":3}},"loc":{"start":{"line":2,"column":36},"end":{"line":4,"column":3}},"line":2},"1":{"name":"(anonymous_1)","decl":{"start":{"line":6,"column":2},"end":{"line":6,"column":3}},"loc":{"start":{"line":6,"column":35},"end":{"line":8,"column":3}},"line":6},"2":{"name":"(anonymous_2)","decl":{"start":{"line":10,"column":2},"end":{"line":10,"column":3}},"loc":{"start":{"line":10,"column":34},"end":{"line":12,"column":3}},"line":10},"3":{"name":"(anonymous_3)","decl":{"start":{"line":14,"column":2},"end":{"line":14,"column":3}},"loc":{"start":{"line":14,"column":24},"end":{"line":16,"column":3}},"line":14}},"branchMap":{},"s":{"0":1,"1":1,"2":1,"3":1,"4":9},"f":{"0":1,"1":1,"2":1,"3":1},"b":{},"_coverageSchema":"1a1c01bbd47fc00a2c39e90264f33305004495a9","hash":"32f5eca588b6fa5ffaafe09d6c2c656a1a97021e"}
,"C:\\Users\\fajra\\Apps Development\\Dicoding Submission\\forum-api-starter-project\\src\\Applications\\security\\PasswordHash.js": {"path":"C:\\Users\\fajra\\Apps Development\\Dicoding Submission\\forum-api-starter-project\\src\\Applications\\security\\PasswordHash.js","statementMap":{"0":{"start":{"line":3,"column":4},"end":{"line":3,"column":60}},"1":{"start":{"line":7,"column":4},"end":{"line":7,"column":60}},"2":{"start":{"line":11,"column":0},"end":{"line":11,"column":30}}},"fnMap":{"0":{"name":"(anonymous_0)","decl":{"start":{"line":2,"column":2},"end":{"line":2,"column":3}},"loc":{"start":{"line":2,"column":23},"end":{"line":4,"column":3}},"line":2},"1":{"name":"(anonymous_1)","decl":{"start":{"line":6,"column":2},"end":{"line":6,"column":3}},"loc":{"start":{"line":6,"column":42},"end":{"line":8,"column":3}},"line":6}},"branchMap":{},"s":{"0":1,"1":1,"2":9},"f":{"0":1,"1":1},"b":{},"_coverageSchema":"1a1c01bbd47fc00a2c39e90264f33305004495a9","hash":"b1195127d0511570840948b7b0a8f21c025057c1"}
,"C:\\Users\\fajra\\Apps Development\\Dicoding Submission\\forum-api-starter-project\\src\\Applications\\use_case\\AddCommentUseCase.js": {"path":"C:\\Users\\fajra\\Apps Development\\Dicoding Submission\\forum-api-starter-project\\src\\Applications\\use_case\\AddCommentUseCase.js","statementMap":{"0":{"start":{"line":1,"column":19},"end":{"line":1,"column":72}},"1":{"start":{"line":7,"column":4},"end":{"line":7,"column":48}},"2":{"start":{"line":11,"column":23},"end":{"line":11,"column":53}},"3":{"start":{"line":12,"column":25},"end":{"line":12,"column":77}},"4":{"start":{"line":13,"column":4},"end":{"line":13,"column":24}},"5":{"start":{"line":17,"column":0},"end":{"line":17,"column":35}}},"fnMap":{"0":{"name":"(anonymous_0)","decl":{"start":{"line":6,"column":2},"end":{"line":6,"column":3}},"loc":{"start":{"line":6,"column":37},"end":{"line":8,"column":3}},"line":6},"1":{"name":"(anonymous_1)","decl":{"start":{"line":10,"column":2},"end":{"line":10,"column":3}},"loc":{"start":{"line":10,"column":32},"end":{"line":14,"column":3}},"line":10}},"branchMap":{},"s":{"0":7,"1":2,"2":5,"3":3,"4":2,"5":7},"f":{"0":2,"1":5},"b":{},"_coverageSchema":"1a1c01bbd47fc00a2c39e90264f33305004495a9","hash":"fa77c6c336929507ae1db80e6f68e0a41413555f"}
,"C:\\Users\\fajra\\Apps Development\\Dicoding Submission\\forum-api-starter-project\\src\\Applications\\use_case\\AddReplyUseCase.js": {"path":"C:\\Users\\fajra\\Apps Development\\Dicoding Submission\\forum-api-starter-project\\src\\Applications\\use_case\\AddReplyUseCase.js","statementMap":{"0":{"start":{"line":1,"column":17},"end":{"line":1,"column":67}},"1":{"start":{"line":7,"column":4},"end":{"line":7,"column":44}},"2":{"start":{"line":11,"column":21},"end":{"line":11,"column":49}},"3":{"start":{"line":12,"column":23},"end":{"line":12,"column":69}},"4":{"start":{"line":13,"column":4},"end":{"line":13,"column":22}},"5":{"start":{"line":17,"column":0},"end":{"line":17,"column":33}}},"fnMap":{"0":{"name":"(anonymous_0)","decl":{"start":{"line":6,"column":2},"end":{"line":6,"column":3}},"loc":{"start":{"line":6,"column":35},"end":{"line":8,"column":3}},"line":6},"1":{"name":"(anonymous_1)","decl":{"start":{"line":10,"column":2},"end":{"line":10,"column":3}},"loc":{"start":{"line":10,"column":32},"end":{"line":14,"column":3}},"line":10}},"branchMap":{},"s":{"0":7,"1":2,"2":6,"3":4,"4":2,"5":7},"f":{"0":2,"1":6},"b":{},"_coverageSchema":"1a1c01bbd47fc00a2c39e90264f33305004495a9","hash":"67890a3905b776492f4a8606a2936627b6521122"}
,"C:\\Users\\fajra\\Apps Development\\Dicoding Submission\\forum-api-starter-project\\src\\Applications\\use_case\\AddThreadUseCase.js": {"path":"C:\\Users\\fajra\\Apps Development\\Dicoding Submission\\forum-api-starter-project\\src\\Applications\\use_case\\AddThreadUseCase.js","statementMap":{"0":{"start":{"line":1,"column":18},"end":{"line":1,"column":69}},"1":{"start":{"line":7,"column":4},"end":{"line":7,"column":46}},"2":{"start":{"line":11,"column":22},"end":{"line":11,"column":51}},"3":{"start":{"line":12,"column":24},"end":{"line":12,"column":73}},"4":{"start":{"line":13,"column":4},"end":{"line":13,"column":23}},"5":{"start":{"line":17,"column":0},"end":{"line":17,"column":34}}},"fnMap":{"0":{"name":"(anonymous_0)","decl":{"start":{"line":6,"column":2},"end":{"line":6,"column":3}},"loc":{"start":{"line":6,"column":36},"end":{"line":8,"column":3}},"line":6},"1":{"name":"(anonymous_1)","decl":{"start":{"line":10,"column":2},"end":{"line":10,"column":3}},"loc":{"start":{"line":10,"column":32},"end":{"line":14,"column":3}},"line":10}},"branchMap":{},"s":{"0":7,"1":2,"2":4,"3":2,"4":2,"5":7},"f":{"0":2,"1":4},"b":{},"_coverageSchema":"1a1c01bbd47fc00a2c39e90264f33305004495a9","hash":"570f5e219ee5b614fd03c3d97d917c9d616167b4"}
,"C:\\Users\\fajra\\Apps Development\\Dicoding Submission\\forum-api-starter-project\\src\\Applications\\use_case\\AddUserUseCase.js": {"path":"C:\\Users\\fajra\\Apps Development\\Dicoding Submission\\forum-api-starter-project\\src\\Applications\\use_case\\AddUserUseCase.js","statementMap":{"0":{"start":{"line":1,"column":21},"end":{"line":1,"column":73}},"1":{"start":{"line":9,"column":4},"end":{"line":9,"column":42}},"2":{"start":{"line":10,"column":4},"end":{"line":10,"column":38}},"3":{"start":{"line":14,"column":25},"end":{"line":14,"column":57}},"4":{"start":{"line":15,"column":4},"end":{"line":15,"column":81}},"5":{"start":{"line":16,"column":4},"end":{"line":16,"column":54}},"6":{"start":{"line":20,"column":0},"end":{"line":20,"column":32}}},"fnMap":{"0":{"name":"(anonymous_0)","decl":{"start":{"line":8,"column":2},"end":{"line":8,"column":3}},"loc":{"start":{"line":8,"column":48},"end":{"line":11,"column":3}},"line":8},"1":{"name":"(anonymous_1)","decl":{"start":{"line":13,"column":2},"end":{"line":13,"column":3}},"loc":{"start":{"line":13,"column":32},"end":{"line":17,"column":3}},"line":13}},"branchMap":{},"s":{"0":7,"1":6,"2":6,"3":15,"4":11,"5":11,"6":7},"f":{"0":6,"1":15},"b":{},"_coverageSchema":"1a1c01bbd47fc00a2c39e90264f33305004495a9","hash":"9a8214001f12a4bbb094ac93d630e0230b1d8286"}
,"C:\\Users\\fajra\\Apps Development\\Dicoding Submission\\forum-api-starter-project\\src\\Applications\\use_case\\DeleteCommentUseCase.js": {"path":"C:\\Users\\fajra\\Apps Development\\Dicoding Submission\\forum-api-starter-project\\src\\Applications\\use_case\\DeleteCommentUseCase.js","statementMap":{"0":{"start":{"line":1,"column":22},"end":{"line":1,"column":78}},"1":{"start":{"line":9,"column":4},"end":{"line":9,"column":46}},"2":{"start":{"line":10,"column":4},"end":{"line":10,"column":48}},"3":{"start":{"line":14,"column":36},"end":{"line":14,"column":69}},"4":{"start":{"line":15,"column":4},"end":{"line":15,"column":67}},"5":{"start":{"line":16,"column":4},"end":{"line":16,"column":63}},"6":{"start":{"line":17,"column":4},"end":{"line":17,"column":68}},"7":{"start":{"line":18,"column":4},"end":{"line":18,"column":56}},"8":{"start":{"line":22,"column":0},"end":{"line":22,"column":38}}},"fnMap":{"0":{"name":"(anonymous_0)","decl":{"start":{"line":8,"column":2},"end":{"line":8,"column":3}},"loc":{"start":{"line":8,"column":55},"end":{"line":11,"column":3}},"line":8},"1":{"name":"(anonymous_1)","decl":{"start":{"line":13,"column":2},"end":{"line":13,"column":3}},"loc":{"start":{"line":13,"column":32},"end":{"line":19,"column":3}},"line":13}},"branchMap":{},"s":{"0":7,"1":2,"2":2,"3":5,"4":5,"5":4,"6":3,"7":2,"8":7},"f":{"0":2,"1":5},"b":{},"_coverageSchema":"1a1c01bbd47fc00a2c39e90264f33305004495a9","hash":"bd61ce709173f02e600aab89b0ac83807dff2cb2"}
,"C:\\Users\\fajra\\Apps Development\\Dicoding Submission\\forum-api-starter-project\\src\\Applications\\use_case\\DeleteReplyUseCase.js": {"path":"C:\\Users\\fajra\\Apps Development\\Dicoding Submission\\forum-api-starter-project\\src\\Applications\\use_case\\DeleteReplyUseCase.js","statementMap":{"0":{"start":{"line":1,"column":20},"end":{"line":1,"column":73}},"1":{"start":{"line":11,"column":4},"end":{"line":11,"column":44}},"2":{"start":{"line":12,"column":4},"end":{"line":12,"column":48}},"3":{"start":{"line":13,"column":4},"end":{"line":13,"column":46}},"4":{"start":{"line":19,"column":8},"end":{"line":19,"column":39}},"5":{"start":{"line":20,"column":4},"end":{"line":20,"column":67}},"6":{"start":{"line":21,"column":4},"end":{"line":21,"column":70}},"7":{"start":{"line":22,"column":4},"end":{"line":22,"column":59}},"8":{"start":{"line":23,"column":4},"end":{"line":23,"column":64}},"9":{"start":{"line":24,"column":4},"end":{"line":24,"column":52}},"10":{"start":{"line":28,"column":0},"end":{"line":28,"column":36}}},"fnMap":{"0":{"name":"(anonymous_0)","decl":{"start":{"line":10,"column":2},"end":{"line":10,"column":3}},"loc":{"start":{"line":10,"column":72},"end":{"line":14,"column":3}},"line":10},"1":{"name":"(anonymous_1)","decl":{"start":{"line":16,"column":2},"end":{"line":16,"column":3}},"loc":{"start":{"line":16,"column":32},"end":{"line":25,"column":3}},"line":16}},"branchMap":{},"s":{"0":7,"1":2,"2":2,"3":2,"4":6,"5":6,"6":5,"7":4,"8":3,"9":2,"10":7},"f":{"0":2,"1":6},"b":{},"_coverageSchema":"1a1c01bbd47fc00a2c39e90264f33305004495a9","hash":"64ec2d9038e0f43ff11bbe742c34b12fcf98adb3"}
,"C:\\Users\\fajra\\Apps Development\\Dicoding Submission\\forum-api-starter-project\\src\\Applications\\use_case\\GetThreadDetailUseCase.js": {"path":"C:\\Users\\fajra\\Apps Development\\Dicoding Submission\\forum-api-starter-project\\src\\Applications\\use_case\\GetThreadDetailUseCase.js","statementMap":{"0":{"start":{"line":1,"column":0},"end":{"line":1,"column":55}},"1":{"start":{"line":2,"column":20},"end":{"line":2,"column":80}},"2":{"start":{"line":3,"column":21},"end":{"line":3,"column":75}},"3":{"start":{"line":13,"column":4},"end":{"line":13,"column":46}},"4":{"start":{"line":14,"column":4},"end":{"line":14,"column":48}},"5":{"start":{"line":15,"column":4},"end":{"line":15,"column":44}},"6":{"start":{"line":19,"column":4},"end":{"line":19,"column":42}},"7":{"start":{"line":20,"column":21},"end":{"line":20,"column":88}},"8":{"start":{"line":21,"column":20},"end":{"line":22,"column":68}},"9":{"start":{"line":22,"column":56},"end":{"line":22,"column":66}},"10":{"start":{"line":23,"column":25},"end":{"line":23,"column":83}},"11":{"start":{"line":24,"column":4},"end":{"line":28,"column":10}},"12":{"start":{"line":25,"column":25},"end":{"line":28,"column":7}},"13":{"start":{"line":27,"column":43},"end":{"line":27,"column":73}},"14":{"start":{"line":29,"column":4},"end":{"line":29,"column":48}},"15":{"start":{"line":33,"column":4},"end":{"line":35,"column":5}},"16":{"start":{"line":34,"column":6},"end":{"line":34,"column":74}},"17":{"start":{"line":37,"column":4},"end":{"line":39,"column":5}},"18":{"start":{"line":38,"column":6},"end":{"line":38,"column":93}},"19":{"start":{"line":41,"column":4},"end":{"line":43,"column":5}},"20":{"start":{"line":42,"column":6},"end":{"line":42,"column":67}},"21":{"start":{"line":47,"column":0},"end":{"line":47,"column":40}}},"fnMap":{"0":{"name":"(anonymous_0)","decl":{"start":{"line":12,"column":2},"end":{"line":12,"column":3}},"loc":{"start":{"line":12,"column":72},"end":{"line":16,"column":3}},"line":12},"1":{"name":"(anonymous_1)","decl":{"start":{"line":18,"column":2},"end":{"line":18,"column":3}},"loc":{"start":{"line":18,"column":32},"end":{"line":30,"column":3}},"line":18},"2":{"name":"(anonymous_2)","decl":{"start":{"line":22,"column":43},"end":{"line":22,"column":44}},"loc":{"start":{"line":22,"column":56},"end":{"line":22,"column":66}},"line":22},"3":{"name":"(anonymous_3)","decl":{"start":{"line":25,"column":11},"end":{"line":25,"column":12}},"loc":{"start":{"line":25,"column":25},"end":{"line":28,"column":7}},"line":25},"4":{"name":"(anonymous_4)","decl":{"start":{"line":27,"column":32},"end":{"line":27,"column":33}},"loc":{"start":{"line":27,"column":43},"end":{"line":27,"column":73}},"line":27}},"branchMap":{"0":{"loc":{"start":{"line":33,"column":4},"end":{"line":35,"column":5}},"type":"if","locations":[{"start":{"line":33,"column":4},"end":{"line":35,"column":5}},{"start":{},"end":{}}],"line":33},"1":{"loc":{"start":{"line":37,"column":4},"end":{"line":39,"column":5}},"type":"if","locations":[{"start":{"line":37,"column":4},"end":{"line":39,"column":5}},{"start":{},"end":{}}],"line":37},"2":{"loc":{"start":{"line":41,"column":4},"end":{"line":43,"column":5}},"type":"if","locations":[{"start":{"line":41,"column":4},"end":{"line":43,"column":5}},{"start":{},"end":{}}],"line":41}},"s":{"0":7,"1":7,"2":7,"3":5,"4":5,"5":5,"6":6,"7":3,"8":3,"9":2,"10":3,"11":2,"12":2,"13":2,"14":2,"15":6,"16":1,"17":5,"18":1,"19":4,"20":1,"21":7},"f":{"0":5,"1":6,"2":2,"3":2,"4":2},"b":{"0":[1,5],"1":[1,4],"2":[1,3]},"_coverageSchema":"1a1c01bbd47fc00a2c39e90264f33305004495a9","hash":"4fa9650e3cc31c49b46d8dee870c68e8188c0f14"}
,"C:\\Users\\fajra\\Apps Development\\Dicoding Submission\\forum-api-starter-project\\src\\Applications\\use_case\\LoginUserUseCase.js": {"path":"C:\\Users\\fajra\\Apps Development\\Dicoding Submission\\forum-api-starter-project\\src\\Applications\\use_case\\LoginUserUseCase.js","statementMap":{"0":{"start":{"line":1,"column":18},"end":{"line":1,"column":67}},"1":{"start":{"line":2,"column":26},"end":{"line":2,"column":83}},"2":{"start":{"line":19,"column":4},"end":{"line":19,"column":42}},"3":{"start":{"line":20,"column":4},"end":{"line":20,"column":62}},"4":{"start":{"line":21,"column":4},"end":{"line":21,"column":66}},"5":{"start":{"line":22,"column":4},"end":{"line":22,"column":38}},"6":{"start":{"line":26,"column":35},"end":{"line":26,"column":64}},"7":{"start":{"line":28,"column":30},"end":{"line":28,"column":88}},"8":{"start":{"line":30,"column":4},"end":{"line":30,"column":74}},"9":{"start":{"line":32,"column":15},"end":{"line":32,"column":67}},"10":{"start":{"line":34,"column":24},"end":{"line":35,"column":42}},"11":{"start":{"line":36,"column":25},"end":{"line":37,"column":43}},"12":{"start":{"line":39,"column":30},"end":{"line":42,"column":6}},"13":{"start":{"line":44,"column":4},"end":{"line":44,"column":82}},"14":{"start":{"line":46,"column":4},"end":{"line":46,"column":29}},"15":{"start":{"line":50,"column":0},"end":{"line":50,"column":34}}},"fnMap":{"0":{"name":"(anonymous_0)","decl":{"start":{"line":13,"column":2},"end":{"line":13,"column":3}},"loc":{"start":{"line":18,"column":5},"end":{"line":23,"column":3}},"line":18},"1":{"name":"(anonymous_1)","decl":{"start":{"line":25,"column":2},"end":{"line":25,"column":3}},"loc":{"start":{"line":25,"column":32},"end":{"line":47,"column":3}},"line":25}},"branchMap":{},"s":{"0":7,"1":7,"2":5,"3":5,"4":5,"5":5,"6":12,"7":10,"8":9,"9":8,"10":8,"11":8,"12":8,"13":8,"14":8,"15":7},"f":{"0":5,"1":12},"b":{},"_coverageSchema":"1a1c01bbd47fc00a2c39e90264f33305004495a9","hash":"04644a17b225c1159cb4c4d4b54b59685f99f41a"}
,"C:\\Users\\fajra\\Apps Development\\Dicoding Submission\\forum-api-starter-project\\src\\Applications\\use_case\\LogoutUserUseCase.js": {"path":"C:\\Users\\fajra\\Apps Development\\Dicoding Submission\\forum-api-starter-project\\src\\Applications\\use_case\\LogoutUserUseCase.js","statementMap":{"0":{"start":{"line":7,"column":4},"end":{"line":7,"column":62}},"1":{"start":{"line":11,"column":4},"end":{"line":11,"column":42}},"2":{"start":{"line":12,"column":29},"end":{"line":12,"column":43}},"3":{"start":{"line":13,"column":4},"end":{"line":13,"column":78}},"4":{"start":{"line":14,"column":4},"end":{"line":14,"column":67}},"5":{"start":{"line":18,"column":29},"end":{"line":18,"column":36}},"6":{"start":{"line":19,"column":4},"end":{"line":21,"column":5}},"7":{"start":{"line":20,"column":6},"end":{"line":20,"column":82}},"8":{"start":{"line":23,"column":4},"end":{"line":25,"column":5}},"9":{"start":{"line":24,"column":6},"end":{"line":24,"column":97}},"10":{"start":{"line":29,"column":0},"end":{"line":29,"column":35}}},"fnMap":{"0":{"name":"(anonymous_0)","decl":{"start":{"line":4,"column":2},"end":{"line":4,"column":3}},"loc":{"start":{"line":6,"column":5},"end":{"line":8,"column":3}},"line":6},"1":{"name":"(anonymous_1)","decl":{"start":{"line":10,"column":2},"end":{"line":10,"column":3}},"loc":{"start":{"line":10,"column":32},"end":{"line":15,"column":3}},"line":10}},"branchMap":{"0":{"loc":{"start":{"line":19,"column":4},"end":{"line":21,"column":5}},"type":"if","locations":[{"start":{"line":19,"column":4},"end":{"line":21,"column":5}},{"start":{},"end":{}}],"line":19},"1":{"loc":{"start":{"line":23,"column":4},"end":{"line":25,"column":5}},"type":"if","locations":[{"start":{"line":23,"column":4},"end":{"line":25,"column":5}},{"start":{},"end":{}}],"line":23}},"s":{"0":4,"1":7,"2":3,"3":3,"4":2,"5":7,"6":7,"7":2,"8":5,"9":2,"10":7},"f":{"0":4,"1":7},"b":{"0":[2,5],"1":[2,3]},"_coverageSchema":"1a1c01bbd47fc00a2c39e90264f33305004495a9","hash":"798208c9aa4a30e658371361eb6b2de1966be42c"}
,"C:\\Users\\fajra\\Apps Development\\Dicoding Submission\\forum-api-starter-project\\src\\Applications\\use_case\\RefreshAuthenticationUseCase.js": {"path":"C:\\Users\\fajra\\Apps Development\\Dicoding Submission\\forum-api-starter-project\\src\\Applications\\use_case\\RefreshAuthenticationUseCase.js","statementMap":{"0":{"start":{"line":1,"column":20},"end":{"line":1,"column":80}},"1":{"start":{"line":2,"column":0},"end":{"line":2,"column":55}},"2":{"start":{"line":13,"column":4},"end":{"line":13,"column":62}},"3":{"start":{"line":14,"column":4},"end":{"line":14,"column":66}},"4":{"start":{"line":18,"column":4},"end":{"line":18,"column":40}},"5":{"start":{"line":19,"column":29},"end":{"line":19,"column":43}},"6":{"start":{"line":21,"column":4},"end":{"line":21,"column":76}},"7":{"start":{"line":22,"column":4},"end":{"line":22,"column":78}},"8":{"start":{"line":24,"column":29},"end":{"line":24,"column":95}},"9":{"start":{"line":26,"column":4},"end":{"line":26,"column":80}},"10":{"start":{"line":30,"column":29},"end":{"line":30,"column":36}},"11":{"start":{"line":32,"column":4},"end":{"line":34,"column":5}},"12":{"start":{"line":33,"column":6},"end":{"line":33,"column":83}},"13":{"start":{"line":36,"column":4},"end":{"line":38,"column":5}},"14":{"start":{"line":37,"column":6},"end":{"line":37,"column":98}},"15":{"start":{"line":40,"column":4},"end":{"line":42,"column":5}},"16":{"start":{"line":41,"column":6},"end":{"line":41,"column":74}},"17":{"start":{"line":46,"column":0},"end":{"line":46,"column":46}}},"fnMap":{"0":{"name":"(anonymous_0)","decl":{"start":{"line":9,"column":2},"end":{"line":9,"column":3}},"loc":{"start":{"line":12,"column":5},"end":{"line":15,"column":3}},"line":12},"1":{"name":"(anonymous_1)","decl":{"start":{"line":17,"column":2},"end":{"line":17,"column":3}},"loc":{"start":{"line":17,"column":32},"end":{"line":27,"column":3}},"line":17}},"branchMap":{"0":{"loc":{"start":{"line":32,"column":4},"end":{"line":34,"column":5}},"type":"if","locations":[{"start":{"line":32,"column":4},"end":{"line":34,"column":5}},{"start":{},"end":{}}],"line":32},"1":{"loc":{"start":{"line":36,"column":4},"end":{"line":38,"column":5}},"type":"if","locations":[{"start":{"line":36,"column":4},"end":{"line":38,"column":5}},{"start":{},"end":{}}],"line":36},"2":{"loc":{"start":{"line":40,"column":4},"end":{"line":42,"column":5}},"type":"if","locations":[{"start":{"line":40,"column":4},"end":{"line":42,"column":5}},{"start":{},"end":{}}],"line":40}},"s":{"0":7,"1":7,"2":5,"3":5,"4":9,"5":4,"6":4,"7":3,"8":2,"9":2,"10":9,"11":9,"12":2,"13":7,"14":2,"15":5,"16":1,"17":7},"f":{"0":5,"1":9},"b":{"0":[2,7],"1":[2,5],"2":[1,4]},"_coverageSchema":"1a1c01bbd47fc00a2c39e90264f33305004495a9","hash":"a52151a4a7b8c8807e87982a7bc008e54039536a"}
,"C:\\Users\\fajra\\Apps Development\\Dicoding Submission\\forum-api-starter-project\\src\\Commons\\exceptions\\AuthenticationError.js": {"path":"C:\\Users\\fajra\\Apps Development\\Dicoding Submission\\forum-api-starter-project\\src\\Commons\\exceptions\\AuthenticationError.js","statementMap":{"0":{"start":{"line":1,"column":20},"end":{"line":1,"column":44}},"1":{"start":{"line":5,"column":4},"end":{"line":5,"column":24}},"2":{"start":{"line":6,"column":4},"end":{"line":6,"column":38}},"3":{"start":{"line":10,"column":0},"end":{"line":10,"column":37}}},"fnMap":{"0":{"name":"(anonymous_0)","decl":{"start":{"line":4,"column":2},"end":{"line":4,"column":3}},"loc":{"start":{"line":4,"column":23},"end":{"line":7,"column":3}},"line":4}},"branchMap":{},"s":{"0":7,"1":3,"2":3,"3":7},"f":{"0":3},"b":{},"_coverageSchema":"1a1c01bbd47fc00a2c39e90264f33305004495a9","hash":"6b71f2ae83ca8442693ced63bfddb46e01adf5da"}
,"C:\\Users\\fajra\\Apps Development\\Dicoding Submission\\forum-api-starter-project\\src\\Commons\\exceptions\\AuthorizationError.js": {"path":"C:\\Users\\fajra\\Apps Development\\Dicoding Submission\\forum-api-starter-project\\src\\Commons\\exceptions\\AuthorizationError.js","statementMap":{"0":{"start":{"line":1,"column":20},"end":{"line":1,"column":44}},"1":{"start":{"line":5,"column":4},"end":{"line":5,"column":24}},"2":{"start":{"line":6,"column":4},"end":{"line":6,"column":37}},"3":{"start":{"line":10,"column":0},"end":{"line":10,"column":36}}},"fnMap":{"0":{"name":"(anonymous_0)","decl":{"start":{"line":4,"column":2},"end":{"line":4,"column":3}},"loc":{"start":{"line":4,"column":23},"end":{"line":7,"column":3}},"line":4}},"branchMap":{},"s":{"0":8,"1":5,"2":5,"3":8},"f":{"0":5},"b":{},"_coverageSchema":"1a1c01bbd47fc00a2c39e90264f33305004495a9","hash":"9ebb7cf2a7c6332cf11a163d6d1f9e9d1db9b92b"}
,"C:\\Users\\fajra\\Apps Development\\Dicoding Submission\\forum-api-starter-project\\src\\Commons\\exceptions\\ClientError.js": {"path":"C:\\Users\\fajra\\Apps Development\\Dicoding Submission\\forum-api-starter-project\\src\\Commons\\exceptions\\ClientError.js","statementMap":{"0":{"start":{"line":3,"column":4},"end":{"line":3,"column":19}},"1":{"start":{"line":5,"column":4},"end":{"line":7,"column":5}},"2":{"start":{"line":6,"column":6},"end":{"line":6,"column":59}},"3":{"start":{"line":9,"column":4},"end":{"line":9,"column":33}},"4":{"start":{"line":10,"column":4},"end":{"line":10,"column":30}},"5":{"start":{"line":14,"column":0},"end":{"line":14,"column":29}}},"fnMap":{"0":{"name":"(anonymous_0)","decl":{"start":{"line":2,"column":2},"end":{"line":2,"column":3}},"loc":{"start":{"line":2,"column":41},"end":{"line":11,"column":3}},"line":2}},"branchMap":{"0":{"loc":{"start":{"line":2,"column":23},"end":{"line":2,"column":39}},"type":"default-arg","locations":[{"start":{"line":2,"column":36},"end":{"line":2,"column":39}}],"line":2},"1":{"loc":{"start":{"line":5,"column":4},"end":{"line":7,"column":5}},"type":"if","locations":[{"start":{"line":5,"column":4},"end":{"line":7,"column":5}},{"start":{},"end":{}}],"line":5}},"s":{"0":386,"1":386,"2":1,"3":385,"4":385,"5":19},"f":{"0":386},"b":{"0":[359],"1":[1,385]},"_coverageSchema":"1a1c01bbd47fc00a2c39e90264f33305004495a9","hash":"ca9085ffc642d6feed8e45e7bd42e26d7868e407"}
,"C:\\Users\\fajra\\Apps Development\\Dicoding Submission\\forum-api-starter-project\\src\\Commons\\exceptions\\DomainErrorTranslator.js": {"path":"C:\\Users\\fajra\\Apps Development\\Dicoding Submission\\forum-api-starter-project\\src\\Commons\\exceptions\\DomainErrorTranslator.js","statementMap":{"0":{"start":{"line":1,"column":23},"end":{"line":1,"column":50}},"1":{"start":{"line":4,"column":24},"end":{"line":54,"column":3}},"2":{"start":{"line":57,"column":4},"end":{"line":57,"column":53}},"3":{"start":{"line":61,"column":0},"end":{"line":61,"column":39}}},"fnMap":{"0":{"name":"(anonymous_0)","decl":{"start":{"line":56,"column":2},"end":{"line":56,"column":3}},"loc":{"start":{"line":56,"column":26},"end":{"line":58,"column":3}},"line":56}},"branchMap":{"0":{"loc":{"start":{"line":57,"column":11},"end":{"line":57,"column":52}},"type":"binary-expr","locations":[{"start":{"line":57,"column":11},"end":{"line":57,"column":43}},{"start":{"line":57,"column":47},"end":{"line":57,"column":52}}],"line":57}},"s":{"0":7,"1":7,"2":45,"3":7},"f":{"0":45},"b":{"0":[45,25]},"_coverageSchema":"1a1c01bbd47fc00a2c39e90264f33305004495a9","hash":"91a2ce06d535fab6e6d0ad6947120cdd68972f9a"}
,"C:\\Users\\fajra\\Apps Development\\Dicoding Submission\\forum-api-starter-project\\src\\Commons\\exceptions\\InvariantError.js": {"path":"C:\\Users\\fajra\\Apps Development\\Dicoding Submission\\forum-api-starter-project\\src\\Commons\\exceptions\\InvariantError.js","statementMap":{"0":{"start":{"line":1,"column":20},"end":{"line":1,"column":44}},"1":{"start":{"line":5,"column":4},"end":{"line":5,"column":19}},"2":{"start":{"line":6,"column":4},"end":{"line":6,"column":33}},"3":{"start":{"line":10,"column":0},"end":{"line":10,"column":32}}},"fnMap":{"0":{"name":"(anonymous_0)","decl":{"start":{"line":4,"column":2},"end":{"line":4,"column":3}},"loc":{"start":{"line":4,"column":23},"end":{"line":7,"column":3}},"line":4}},"branchMap":{},"s":{"0":11,"1":358,"2":358,"3":11},"f":{"0":358},"b":{},"_coverageSchema":"1a1c01bbd47fc00a2c39e90264f33305004495a9","hash":"76937695cc069a0050bbf656b7858254bd1e918d"}
,"C:\\Users\\fajra\\Apps Development\\Dicoding Submission\\forum-api-starter-project\\src\\Commons\\exceptions\\NotFoundError.js": {"path":"C:\\Users\\fajra\\Apps Development\\Dicoding Submission\\forum-api-starter-project\\src\\Commons\\exceptions\\NotFoundError.js","statementMap":{"0":{"start":{"line":1,"column":20},"end":{"line":1,"column":44}},"1":{"start":{"line":5,"column":4},"end":{"line":5,"column":24}},"2":{"start":{"line":6,"column":4},"end":{"line":6,"column":32}},"3":{"start":{"line":10,"column":0},"end":{"line":10,"column":31}}},"fnMap":{"0":{"name":"(anonymous_0)","decl":{"start":{"line":4,"column":2},"end":{"line":4,"column":3}},"loc":{"start":{"line":4,"column":23},"end":{"line":7,"column":3}},"line":4}},"branchMap":{},"s":{"0":9,"1":19,"2":19,"3":9},"f":{"0":19},"b":{},"_coverageSchema":"1a1c01bbd47fc00a2c39e90264f33305004495a9","hash":"18f19641a0e3debe44bc6c8fcf78f4c2b2646f16"}
,"C:\\Users\\fajra\\Apps Development\\Dicoding Submission\\forum-api-starter-project\\src\\Commons\\utils\\empty_string_validation.js": {"path":"C:\\Users\\fajra\\Apps Development\\Dicoding Submission\\forum-api-starter-project\\src\\Commons\\utils\\empty_string_validation.js","statementMap":{"0":{"start":{"line":2,"column":0},"end":{"line":7,"column":3}},"1":{"start":{"line":5,"column":4},"end":{"line":5,"column":36}}},"fnMap":{"0":{"name":"(anonymous_0)","decl":{"start":{"line":4,"column":2},"end":{"line":4,"column":3}},"loc":{"start":{"line":4,"column":8},"end":{"line":6,"column":3}},"line":4}},"branchMap":{},"s":{"0":27,"1":253},"f":{"0":253},"b":{},"_coverageSchema":"1a1c01bbd47fc00a2c39e90264f33305004495a9","hash":"73c24d7277cb2142f9c8ebb7f8b30bbf8a53e9cf"}
,"C:\\Users\\fajra\\Apps Development\\Dicoding Submission\\forum-api-starter-project\\src\\Commons\\utils\\undefined_variable_validation.js": {"path":"C:\\Users\\fajra\\Apps Development\\Dicoding Submission\\forum-api-starter-project\\src\\Commons\\utils\\undefined_variable_validation.js","statementMap":{"0":{"start":{"line":3,"column":20},"end":{"line":3,"column":74}},"1":{"start":{"line":3,"column":30},"end":{"line":3,"column":74}},"2":{"start":{"line":5,"column":0},"end":{"line":5,"column":29}}},"fnMap":{"0":{"name":"(anonymous_0)","decl":{"start":{"line":3,"column":20},"end":{"line":3,"column":21}},"loc":{"start":{"line":3,"column":30},"end":{"line":3,"column":74}},"line":3}},"branchMap":{"0":{"loc":{"start":{"line":3,"column":30},"end":{"line":3,"column":74}},"type":"binary-expr","locations":[{"start":{"line":3,"column":30},"end":{"line":3,"column":57}},{"start":{"line":3,"column":61},"end":{"line":3,"column":74}}],"line":3}},"s":{"0":34,"1":759,"2":34},"f":{"0":759},"b":{"0":[759,738]},"_coverageSchema":"1a1c01bbd47fc00a2c39e90264f33305004495a9","hash":"3ba97e5094257bf3cc2e509331283247355c23fc"}
,"C:\\Users\\fajra\\Apps Development\\Dicoding Submission\\forum-api-starter-project\\src\\Domains\\authentications\\AuthenticationRepository.js": {"path":"C:\\Users\\fajra\\Apps Development\\Dicoding Submission\\forum-api-starter-project\\src\\Domains\\authentications\\AuthenticationRepository.js","statementMap":{"0":{"start":{"line":3,"column":4},"end":{"line":3,"column":72}},"1":{"start":{"line":7,"column":4},"end":{"line":7,"column":72}},"2":{"start":{"line":11,"column":4},"end":{"line":11,"column":72}},"3":{"start":{"line":15,"column":0},"end":{"line":15,"column":42}}},"fnMap":{"0":{"name":"(anonymous_0)","decl":{"start":{"line":2,"column":2},"end":{"line":2,"column":3}},"loc":{"start":{"line":2,"column":24},"end":{"line":4,"column":3}},"line":2},"1":{"name":"(anonymous_1)","decl":{"start":{"line":6,"column":2},"end":{"line":6,"column":3}},"loc":{"start":{"line":6,"column":38},"end":{"line":8,"column":3}},"line":6},"2":{"name":"(anonymous_2)","decl":{"start":{"line":10,"column":2},"end":{"line":10,"column":3}},"loc":{"start":{"line":10,"column":27},"end":{"line":12,"column":3}},"line":10}},"branchMap":{},"s":{"0":1,"1":1,"2":1,"3":10},"f":{"0":1,"1":1,"2":1},"b":{},"_coverageSchema":"1a1c01bbd47fc00a2c39e90264f33305004495a9","hash":"e799dc13c93e1c8388a9a8a3885d62ebd1420e59"}
,"C:\\Users\\fajra\\Apps Development\\Dicoding Submission\\forum-api-starter-project\\src\\Domains\\authentications\\entities\\NewAuth.js": {"path":"C:\\Users\\fajra\\Apps Development\\Dicoding Submission\\forum-api-starter-project\\src\\Domains\\authentications\\entities\\NewAuth.js","statementMap":{"0":{"start":{"line":1,"column":20},"end":{"line":1,"column":83}},"1":{"start":{"line":2,"column":0},"end":{"line":2,"column":58}},"2":{"start":{"line":6,"column":4},"end":{"line":6,"column":33}},"3":{"start":{"line":8,"column":4},"end":{"line":8,"column":43}},"4":{"start":{"line":9,"column":4},"end":{"line":9,"column":45}},"5":{"start":{"line":13,"column":42},"end":{"line":13,"column":49}},"6":{"start":{"line":15,"column":4},"end":{"line":17,"column":5}},"7":{"start":{"line":16,"column":6},"end":{"line":16,"column":62}},"8":{"start":{"line":19,"column":4},"end":{"line":21,"column":5}},"9":{"start":{"line":20,"column":6},"end":{"line":20,"column":67}},"10":{"start":{"line":23,"column":4},"end":{"line":25,"column":5}},"11":{"start":{"line":24,"column":6},"end":{"line":24,"column":54}},"12":{"start":{"line":27,"column":4},"end":{"line":29,"column":5}},"13":{"start":{"line":28,"column":6},"end":{"line":28,"column":53}},"14":{"start":{"line":33,"column":0},"end":{"line":33,"column":25}}},"fnMap":{"0":{"name":"(anonymous_0)","decl":{"start":{"line":5,"column":2},"end":{"line":5,"column":3}},"loc":{"start":{"line":5,"column":23},"end":{"line":10,"column":3}},"line":5}},"branchMap":{"0":{"loc":{"start":{"line":15,"column":4},"end":{"line":17,"column":5}},"type":"if","locations":[{"start":{"line":15,"column":4},"end":{"line":17,"column":5}},{"start":{},"end":{}}],"line":15},"1":{"loc":{"start":{"line":15,"column":8},"end":{"line":15,"column":61}},"type":"binary-expr","locations":[{"start":{"line":15,"column":8},"end":{"line":15,"column":32}},{"start":{"line":15,"column":36},"end":{"line":15,"column":61}}],"line":15},"2":{"loc":{"start":{"line":19,"column":4},"end":{"line":21,"column":5}},"type":"if","locations":[{"start":{"line":19,"column":4},"end":{"line":21,"column":5}},{"start":{},"end":{}}],"line":19},"3":{"loc":{"start":{"line":19,"column":8},"end":{"line":19,"column":75}},"type":"binary-expr","locations":[{"start":{"line":19,"column":8},"end":{"line":19,"column":39}},{"start":{"line":19,"column":43},"end":{"line":19,"column":75}}],"line":19},"4":{"loc":{"start":{"line":23,"column":4},"end":{"line":25,"column":5}},"type":"if","locations":[{"start":{"line":23,"column":4},"end":{"line":25,"column":5}},{"start":{},"end":{}}],"line":23},"5":{"loc":{"start":{"line":27,"column":4},"end":{"line":29,"column":5}},"type":"if","locations":[{"start":{"line":27,"column":4},"end":{"line":29,"column":5}},{"start":{},"end":{}}],"line":27}},"s":{"0":8,"1":8,"2":14,"3":10,"4":10,"5":14,"6":14,"7":1,"8":13,"9":1,"10":12,"11":1,"12":11,"13":1,"14":8},"f":{"0":14},"b":{"0":[1,13],"1":[14,14],"2":[1,12],"3":[13,13],"4":[1,11],"5":[1,10]},"_coverageSchema":"1a1c01bbd47fc00a2c39e90264f33305004495a9","hash":"1f46a3ebfa99a14af53a36d2250649d289afff29"}
,"C:\\Users\\fajra\\Apps Development\\Dicoding Submission\\forum-api-starter-project\\src\\Domains\\comments\\CommentRepository.js": {"path":"C:\\Users\\fajra\\Apps Development\\Dicoding Submission\\forum-api-starter-project\\src\\Domains\\comments\\CommentRepository.js","statementMap":{"0":{"start":{"line":3,"column":4},"end":{"line":3,"column":65}},"1":{"start":{"line":7,"column":4},"end":{"line":7,"column":65}},"2":{"start":{"line":11,"column":4},"end":{"line":11,"column":65}},"3":{"start":{"line":15,"column":4},"end":{"line":15,"column":65}},"4":{"start":{"line":19,"column":4},"end":{"line":19,"column":65}},"5":{"start":{"line":23,"column":0},"end":{"line":23,"column":35}}},"fnMap":{"0":{"name":"(anonymous_0)","decl":{"start":{"line":2,"column":2},"end":{"line":2,"column":3}},"loc":{"start":{"line":2,"column":31},"end":{"line":4,"column":3}},"line":2},"1":{"name":"(anonymous_1)","decl":{"start":{"line":6,"column":2},"end":{"line":6,"column":3}},"loc":{"start":{"line":6,"column":30},"end":{"line":8,"column":3}},"line":6},"2":{"name":"(anonymous_2)","decl":{"start":{"line":10,"column":2},"end":{"line":10,"column":3}},"loc":{"start":{"line":10,"column":37},"end":{"line":12,"column":3}},"line":10},"3":{"name":"(anonymous_3)","decl":{"start":{"line":14,"column":2},"end":{"line":14,"column":3}},"loc":{"start":{"line":14,"column":42},"end":{"line":16,"column":3}},"line":14},"4":{"name":"(anonymous_4)","decl":{"start":{"line":18,"column":2},"end":{"line":18,"column":3}},"loc":{"start":{"line":18,"column":40},"end":{"line":20,"column":3}},"line":18}},"branchMap":{},"s":{"0":1,"1":1,"2":1,"3":1,"4":1,"5":11},"f":{"0":1,"1":1,"2":1,"3":1,"4":1},"b":{},"_coverageSchema":"1a1c01bbd47fc00a2c39e90264f33305004495a9","hash":"94746675323b346d892c24389a3f01fe4fe534dd"}
,"C:\\Users\\fajra\\Apps Development\\Dicoding Submission\\forum-api-starter-project\\src\\Domains\\comments\\entities\\AddComment.js": {"path":"C:\\Users\\fajra\\Apps Development\\Dicoding Submission\\forum-api-starter-project\\src\\Domains\\comments\\entities\\AddComment.js","statementMap":{"0":{"start":{"line":1,"column":20},"end":{"line":1,"column":83}},"1":{"start":{"line":2,"column":0},"end":{"line":2,"column":58}},"2":{"start":{"line":6,"column":4},"end":{"line":6,"column":33}},"3":{"start":{"line":8,"column":41},"end":{"line":8,"column":48}},"4":{"start":{"line":10,"column":4},"end":{"line":10,"column":23}},"5":{"start":{"line":11,"column":4},"end":{"line":11,"column":29}},"6":{"start":{"line":12,"column":4},"end":{"line":12,"column":27}},"7":{"start":{"line":16,"column":4},"end":{"line":18,"column":5}},"8":{"start":{"line":17,"column":6},"end":{"line":17,"column":65}},"9":{"start":{"line":20,"column":4},"end":{"line":22,"column":5}},"10":{"start":{"line":21,"column":6},"end":{"line":21,"column":70}},"11":{"start":{"line":24,"column":4},"end":{"line":26,"column":5}},"12":{"start":{"line":25,"column":6},"end":{"line":25,"column":49}},"13":{"start":{"line":28,"column":4},"end":{"line":30,"column":5}},"14":{"start":{"line":29,"column":6},"end":{"line":29,"column":53}},"15":{"start":{"line":32,"column":4},"end":{"line":34,"column":5}},"16":{"start":{"line":33,"column":6},"end":{"line":33,"column":51}},"17":{"start":{"line":36,"column":4},"end":{"line":38,"column":5}},"18":{"start":{"line":37,"column":6},"end":{"line":37,"column":54}},"19":{"start":{"line":40,"column":4},"end":{"line":42,"column":5}},"20":{"start":{"line":41,"column":6},"end":{"line":41,"column":58}},"21":{"start":{"line":46,"column":0},"end":{"line":46,"column":28}}},"fnMap":{"0":{"name":"(anonymous_0)","decl":{"start":{"line":5,"column":2},"end":{"line":5,"column":3}},"loc":{"start":{"line":5,"column":23},"end":{"line":13,"column":3}},"line":5}},"branchMap":{"0":{"loc":{"start":{"line":16,"column":4},"end":{"line":18,"column":5}},"type":"if","locations":[{"start":{"line":16,"column":4},"end":{"line":18,"column":5}},{"start":{},"end":{}}],"line":16},"1":{"loc":{"start":{"line":16,"column":8},"end":{"line":16,"column":75}},"type":"binary-expr","locations":[{"start":{"line":16,"column":8},"end":{"line":16,"column":26}},{"start":{"line":16,"column":30},"end":{"line":16,"column":51}},{"start":{"line":16,"column":55},"end":{"line":16,"column":75}}],"line":16},"2":{"loc":{"start":{"line":20,"column":4},"end":{"line":22,"column":5}},"type":"if","locations":[{"start":{"line":20,"column":4},"end":{"line":22,"column":5}},{"start":{},"end":{}}],"line":20},"3":{"loc":{"start":{"line":20,"column":8},"end":{"line":20,"column":96}},"type":"binary-expr","locations":[{"start":{"line":20,"column":8},"end":{"line":20,"column":33}},{"start":{"line":20,"column":37},"end":{"line":20,"column":65}},{"start":{"line":20,"column":69},"end":{"line":20,"column":96}}],"line":20},"4":{"loc":{"start":{"line":24,"column":4},"end":{"line":26,"column":5}},"type":"if","locations":[{"start":{"line":24,"column":4},"end":{"line":26,"column":5}},{"start":{},"end":{}}],"line":24},"5":{"loc":{"start":{"line":28,"column":4},"end":{"line":30,"column":5}},"type":"if","locations":[{"start":{"line":28,"column":4},"end":{"line":30,"column":5}},{"start":{},"end":{}}],"line":28},"6":{"loc":{"start":{"line":32,"column":4},"end":{"line":34,"column":5}},"type":"if","locations":[{"start":{"line":32,"column":4},"end":{"line":34,"column":5}},{"start":{},"end":{}}],"line":32},"7":{"loc":{"start":{"line":36,"column":4},"end":{"line":38,"column":5}},"type":"if","locations":[{"start":{"line":36,"column":4},"end":{"line":38,"column":5}},{"start":{},"end":{}}],"line":36},"8":{"loc":{"start":{"line":40,"column":4},"end":{"line":42,"column":5}},"type":"if","locations":[{"start":{"line":40,"column":4},"end":{"line":42,"column":5}},{"start":{},"end":{}}],"line":40}},"s":{"0":9,"1":9,"2":18,"3":9,"4":9,"5":9,"6":9,"7":18,"8":2,"9":16,"10":2,"11":14,"12":1,"13":13,"14":1,"15":12,"16":1,"17":11,"18":1,"19":10,"20":1,"21":9},"f":{"0":18},"b":{"0":[2,16],"1":[18,18,18],"2":[2,14],"3":[16,15,15],"4":[1,13],"5":[1,12],"6":[1,11],"7":[1,10],"8":[1,9]},"_coverageSchema":"1a1c01bbd47fc00a2c39e90264f33305004495a9","hash":"b9efbf6664e9e9a7a56d7264ad12f44f9c0c0d06"}
,"C:\\Users\\fajra\\Apps Development\\Dicoding Submission\\forum-api-starter-project\\src\\Domains\\comments\\entities\\AddedComment.js": {"path":"C:\\Users\\fajra\\Apps Development\\Dicoding Submission\\forum-api-starter-project\\src\\Domains\\comments\\entities\\AddedComment.js","statementMap":{"0":{"start":{"line":1,"column":20},"end":{"line":1,"column":83}},"1":{"start":{"line":5,"column":4},"end":{"line":5,"column":33}},"2":{"start":{"line":9,"column":8},"end":{"line":9,"column":15}},"3":{"start":{"line":11,"column":4},"end":{"line":11,"column":17}},"4":{"start":{"line":12,"column":4},"end":{"line":12,"column":23}},"5":{"start":{"line":13,"column":4},"end":{"line":13,"column":27}},"6":{"start":{"line":19,"column":4},"end":{"line":21,"column":5}},"7":{"start":{"line":20,"column":6},"end":{"line":20,"column":67}},"8":{"start":{"line":23,"column":4},"end":{"line":25,"column":5}},"9":{"start":{"line":24,"column":6},"end":{"line":24,"column":72}},"10":{"start":{"line":29,"column":0},"end":{"line":29,"column":30}}},"fnMap":{"0":{"name":"(anonymous_0)","decl":{"start":{"line":4,"column":2},"end":{"line":4,"column":3}},"loc":{"start":{"line":4,"column":23},"end":{"line":14,"column":3}},"line":4}},"branchMap":{"0":{"loc":{"start":{"line":19,"column":4},"end":{"line":21,"column":5}},"type":"if","locations":[{"start":{"line":19,"column":4},"end":{"line":21,"column":5}},{"start":{},"end":{}}],"line":19},"1":{"loc":{"start":{"line":19,"column":8},"end":{"line":19,"column":69}},"type":"binary-expr","locations":[{"start":{"line":19,"column":8},"end":{"line":19,"column":23}},{"start":{"line":19,"column":27},"end":{"line":19,"column":45}},{"start":{"line":19,"column":49},"end":{"line":19,"column":69}}],"line":19},"2":{"loc":{"start":{"line":23,"column":4},"end":{"line":25,"column":5}},"type":"if","locations":[{"start":{"line":23,"column":4},"end":{"line":25,"column":5}},{"start":{},"end":{}}],"line":23},"3":{"loc":{"start":{"line":23,"column":8},"end":{"line":23,"column":90}},"type":"binary-expr","locations":[{"start":{"line":23,"column":8},"end":{"line":23,"column":30}},{"start":{"line":23,"column":34},"end":{"line":23,"column":59}},{"start":{"line":23,"column":63},"end":{"line":23,"column":90}}],"line":23}},"s":{"0":10,"1":17,"2":15,"3":15,"4":15,"5":15,"6":17,"7":1,"8":16,"9":1,"10":10},"f":{"0":17},"b":{"0":[1,16],"1":[17,17,17],"2":[1,15],"3":[16,15,15]},"_coverageSchema":"1a1c01bbd47fc00a2c39e90264f33305004495a9","hash":"2b190bca9cccab51b5e3a6efc90c536ab7c3be42"}
,"C:\\Users\\fajra\\Apps Development\\Dicoding Submission\\forum-api-starter-project\\src\\Domains\\comments\\entities\\CommentDetail.js": {"path":"C:\\Users\\fajra\\Apps Development\\Dicoding Submission\\forum-api-starter-project\\src\\Domains\\comments\\entities\\CommentDetail.js","statementMap":{"0":{"start":{"line":1,"column":20},"end":{"line":1,"column":83}},"1":{"start":{"line":5,"column":4},"end":{"line":5,"column":33}},"2":{"start":{"line":9,"column":8},"end":{"line":9,"column":15}},"3":{"start":{"line":11,"column":4},"end":{"line":11,"column":17}},"4":{"start":{"line":12,"column":4},"end":{"line":12,"column":27}},"5":{"start":{"line":13,"column":4},"end":{"line":13,"column":21}},"6":{"start":{"line":14,"column":4},"end":{"line":14,"column":29}},"7":{"start":{"line":20,"column":4},"end":{"line":22,"column":5}},"8":{"start":{"line":21,"column":6},"end":{"line":21,"column":68}},"9":{"start":{"line":24,"column":4},"end":{"line":26,"column":5}},"10":{"start":{"line":25,"column":6},"end":{"line":25,"column":73}},"11":{"start":{"line":32,"column":4},"end":{"line":38,"column":7}},"12":{"start":{"line":42,"column":0},"end":{"line":42,"column":31}}},"fnMap":{"0":{"name":"(anonymous_0)","decl":{"start":{"line":4,"column":2},"end":{"line":4,"column":3}},"loc":{"start":{"line":4,"column":23},"end":{"line":15,"column":3}},"line":4},"1":{"name":"(anonymous_1)","decl":{"start":{"line":29,"column":2},"end":{"line":29,"column":3}},"loc":{"start":{"line":31,"column":5},"end":{"line":39,"column":3}},"line":31}},"branchMap":{"0":{"loc":{"start":{"line":20,"column":4},"end":{"line":22,"column":5}},"type":"if","locations":[{"start":{"line":20,"column":4},"end":{"line":22,"column":5}},{"start":{},"end":{}}],"line":20},"1":{"loc":{"start":{"line":20,"column":8},"end":{"line":20,"column":93}},"type":"binary-expr","locations":[{"start":{"line":20,"column":8},"end":{"line":20,"column":23}},{"start":{"line":20,"column":27},"end":{"line":20,"column":47}},{"start":{"line":20,"column":51},"end":{"line":20,"column":68}},{"start":{"line":20,"column":72},"end":{"line":20,"column":93}}],"line":20},"2":{"loc":{"start":{"line":24,"column":4},"end":{"line":26,"column":5}},"type":"if","locations":[{"start":{"line":24,"column":4},"end":{"line":26,"column":5}},{"start":{},"end":{}}],"line":24},"3":{"loc":{"start":{"line":24,"column":8},"end":{"line":24,"column":121}},"type":"binary-expr","locations":[{"start":{"line":24,"column":8},"end":{"line":24,"column":30}},{"start":{"line":24,"column":34},"end":{"line":24,"column":61}},{"start":{"line":24,"column":65},"end":{"line":24,"column":89}},{"start":{"line":24,"column":93},"end":{"line":24,"column":121}}],"line":24},"4":{"loc":{"start":{"line":34,"column":15},"end":{"line":34,"column":64}},"type":"cond-expr","locations":[{"start":{"line":34,"column":27},"end":{"line":34,"column":34}},{"start":{"line":34,"column":37},"end":{"line":34,"column":64}}],"line":34}},"s":{"0":11,"1":16,"2":14,"3":14,"4":14,"5":14,"6":14,"7":16,"8":1,"9":15,"10":1,"11":8,"12":11},"f":{"0":16,"1":8},"b":{"0":[1,15],"1":[16,16,16,16],"2":[1,14],"3":[15,14,14,14],"4":[6,2]},"_coverageSchema":"1a1c01bbd47fc00a2c39e90264f33305004495a9","hash":"73a5c42bf3aceb33af8a8b59c2ca67b4ebbc7747"}
,"C:\\Users\\fajra\\Apps Development\\Dicoding Submission\\forum-api-starter-project\\src\\Domains\\comments\\entities\\CommentReplyDetail.js": {"path":"C:\\Users\\fajra\\Apps Development\\Dicoding Submission\\forum-api-starter-project\\src\\Domains\\comments\\entities\\CommentReplyDetail.js","statementMap":{"0":{"start":{"line":1,"column":20},"end":{"line":1,"column":83}},"1":{"start":{"line":2,"column":20},"end":{"line":2,"column":46}},"2":{"start":{"line":6,"column":4},"end":{"line":6,"column":33}},"3":{"start":{"line":10,"column":8},"end":{"line":10,"column":15}},"4":{"start":{"line":12,"column":4},"end":{"line":12,"column":17}},"5":{"start":{"line":13,"column":4},"end":{"line":13,"column":27}},"6":{"start":{"line":14,"column":4},"end":{"line":14,"column":21}},"7":{"start":{"line":15,"column":4},"end":{"line":15,"column":29}},"8":{"start":{"line":16,"column":4},"end":{"line":16,"column":27}},"9":{"start":{"line":22,"column":4},"end":{"line":25,"column":5}},"10":{"start":{"line":24,"column":6},"end":{"line":24,"column":74}},"11":{"start":{"line":27,"column":4},"end":{"line":29,"column":5}},"12":{"start":{"line":28,"column":6},"end":{"line":28,"column":79}},"13":{"start":{"line":35,"column":4},"end":{"line":41,"column":7}},"14":{"start":{"line":40,"column":62},"end":{"line":40,"column":90}},"15":{"start":{"line":45,"column":0},"end":{"line":45,"column":36}}},"fnMap":{"0":{"name":"(anonymous_0)","decl":{"start":{"line":5,"column":2},"end":{"line":5,"column":3}},"loc":{"start":{"line":5,"column":23},"end":{"line":17,"column":3}},"line":5},"1":{"name":"(anonymous_1)","decl":{"start":{"line":32,"column":2},"end":{"line":32,"column":3}},"loc":{"start":{"line":34,"column":5},"end":{"line":42,"column":3}},"line":34},"2":{"name":"(anonymous_2)","decl":{"start":{"line":40,"column":51},"end":{"line":40,"column":52}},"loc":{"start":{"line":40,"column":62},"end":{"line":40,"column":90}},"line":40}},"branchMap":{"0":{"loc":{"start":{"line":22,"column":4},"end":{"line":25,"column":5}},"type":"if","locations":[{"start":{"line":22,"column":4},"end":{"line":25,"column":5}},{"start":{},"end":{}}],"line":22},"1":{"loc":{"start":{"line":22,"column":8},"end":{"line":23,"column":52}},"type":"binary-expr","locations":[{"start":{"line":22,"column":8},"end":{"line":22,"column":23}},{"start":{"line":22,"column":27},"end":{"line":22,"column":47}},{"start":{"line":22,"column":51},"end":{"line":22,"column":68}},{"start":{"line":23,"column":7},"end":{"line":23,"column":28}},{"start":{"line":23,"column":32},"end":{"line":23,"column":52}}],"line":22},"2":{"loc":{"start":{"line":27,"column":4},"end":{"line":29,"column":5}},"type":"if","locations":[{"start":{"line":27,"column":4},"end":{"line":29,"column":5}},{"start":{},"end":{}}],"line":27},"3":{"loc":{"start":{"line":27,"column":8},"end":{"line":27,"column":148}},"type":"binary-expr","locations":[{"start":{"line":27,"column":8},"end":{"line":27,"column":30}},{"start":{"line":27,"column":34},"end":{"line":27,"column":61}},{"start":{"line":27,"column":65},"end":{"line":27,"column":89}},{"start":{"line":27,"column":93},"end":{"line":27,"column":121}},{"start":{"line":27,"column":125},"end":{"line":27,"column":148}}],"line":27},"4":{"loc":{"start":{"line":37,"column":15},"end":{"line":37,"column":65}},"type":"cond-expr","locations":[{"start":{"line":37,"column":27},"end":{"line":37,"column":34}},{"start":{"line":37,"column":37},"end":{"line":37,"column":65}}],"line":37},"5":{"loc":{"start":{"line":40,"column":15},"end":{"line":40,"column":96}},"type":"cond-expr","locations":[{"start":{"line":40,"column":39},"end":{"line":40,"column":91}},{"start":{"line":40,"column":94},"end":{"line":40,"column":96}}],"line":40}},"s":{"0":10,"1":10,"2":14,"3":12,"4":12,"5":12,"6":12,"7":12,"8":12,"9":14,"10":1,"11":13,"12":1,"13":7,"14":6,"15":10},"f":{"0":14,"1":7,"2":6},"b":{"0":[1,13],"1":[14,14,14,14,14],"2":[1,12],"3":[13,12,12,12,12],"4":[4,3],"5":[6,1]},"_coverageSchema":"1a1c01bbd47fc00a2c39e90264f33305004495a9","hash":"852851819ce4363bf06a1c45e5bb51a0974f333e"}
,"C:\\Users\\fajra\\Apps Development\\Dicoding Submission\\forum-api-starter-project\\src\\Domains\\comments\\entities\\DeleteComment.js": {"path":"C:\\Users\\fajra\\Apps Development\\Dicoding Submission\\forum-api-starter-project\\src\\Domains\\comments\\entities\\DeleteComment.js","statementMap":{"0":{"start":{"line":1,"column":20},"end":{"line":1,"column":83}},"1":{"start":{"line":2,"column":0},"end":{"line":2,"column":58}},"2":{"start":{"line":6,"column":4},"end":{"line":6,"column":33}},"3":{"start":{"line":8,"column":36},"end":{"line":8,"column":43}},"4":{"start":{"line":10,"column":4},"end":{"line":10,"column":17}},"5":{"start":{"line":11,"column":4},"end":{"line":11,"column":23}},"6":{"start":{"line":12,"column":4},"end":{"line":12,"column":29}},"7":{"start":{"line":16,"column":4},"end":{"line":18,"column":5}},"8":{"start":{"line":17,"column":6},"end":{"line":17,"column":68}},"9":{"start":{"line":20,"column":4},"end":{"line":22,"column":5}},"10":{"start":{"line":21,"column":6},"end":{"line":21,"column":73}},"11":{"start":{"line":24,"column":4},"end":{"line":26,"column":5}},"12":{"start":{"line":25,"column":6},"end":{"line":25,"column":49}},"13":{"start":{"line":28,"column":4},"end":{"line":30,"column":5}},"14":{"start":{"line":29,"column":6},"end":{"line":29,"column":52}},"15":{"start":{"line":32,"column":4},"end":{"line":34,"column":5}},"16":{"start":{"line":33,"column":6},"end":{"line":33,"column":56}},"17":{"start":{"line":38,"column":0},"end":{"line":38,"column":31}}},"fnMap":{"0":{"name":"(anonymous_0)","decl":{"start":{"line":5,"column":2},"end":{"line":5,"column":3}},"loc":{"start":{"line":5,"column":23},"end":{"line":13,"column":3}},"line":5}},"branchMap":{"0":{"loc":{"start":{"line":16,"column":4},"end":{"line":18,"column":5}},"type":"if","locations":[{"start":{"line":16,"column":4},"end":{"line":18,"column":5}},{"start":{},"end":{}}],"line":16},"1":{"loc":{"start":{"line":16,"column":8},"end":{"line":16,"column":70}},"type":"binary-expr","locations":[{"start":{"line":16,"column":8},"end":{"line":16,"column":23}},{"start":{"line":16,"column":27},"end":{"line":16,"column":45}},{"start":{"line":16,"column":49},"end":{"line":16,"column":70}}],"line":16},"2":{"loc":{"start":{"line":20,"column":4},"end":{"line":22,"column":5}},"type":"if","locations":[{"start":{"line":20,"column":4},"end":{"line":22,"column":5}},{"start":{},"end":{}}],"line":20},"3":{"loc":{"start":{"line":20,"column":8},"end":{"line":20,"column":91}},"type":"binary-expr","locations":[{"start":{"line":20,"column":8},"end":{"line":20,"column":30}},{"start":{"line":20,"column":34},"end":{"line":20,"column":59}},{"start":{"line":20,"column":63},"end":{"line":20,"column":91}}],"line":20},"4":{"loc":{"start":{"line":24,"column":4},"end":{"line":26,"column":5}},"type":"if","locations":[{"start":{"line":24,"column":4},"end":{"line":26,"column":5}},{"start":{},"end":{}}],"line":24},"5":{"loc":{"start":{"line":28,"column":4},"end":{"line":30,"column":5}},"type":"if","locations":[{"start":{"line":28,"column":4},"end":{"line":30,"column":5}},{"start":{},"end":{}}],"line":28},"6":{"loc":{"start":{"line":32,"column":4},"end":{"line":34,"column":5}},"type":"if","locations":[{"start":{"line":32,"column":4},"end":{"line":34,"column":5}},{"start":{},"end":{}}],"line":32}},"s":{"0":8,"1":8,"2":12,"3":7,"4":7,"5":7,"6":7,"7":12,"8":1,"9":11,"10":1,"11":10,"12":1,"13":9,"14":1,"15":8,"16":1,"17":8},"f":{"0":12},"b":{"0":[1,11],"1":[12,11,11],"2":[1,10],"3":[11,10,10],"4":[1,9],"5":[1,8],"6":[1,7]},"_coverageSchema":"1a1c01bbd47fc00a2c39e90264f33305004495a9","hash":"492f2229ee2415fecd0efd26f4d0a70f3673ddd4"}
,"C:\\Users\\fajra\\Apps Development\\Dicoding Submission\\forum-api-starter-project\\src\\Domains\\replies\\ReplyRepository.js": {"path":"C:\\Users\\fajra\\Apps Development\\Dicoding Submission\\forum-api-starter-project\\src\\Domains\\replies\\ReplyRepository.js","statementMap":{"0":{"start":{"line":3,"column":4},"end":{"line":3,"column":63}},"1":{"start":{"line":7,"column":4},"end":{"line":7,"column":63}},"2":{"start":{"line":11,"column":4},"end":{"line":11,"column":63}},"3":{"start":{"line":15,"column":4},"end":{"line":15,"column":63}},"4":{"start":{"line":19,"column":4},"end":{"line":19,"column":63}},"5":{"start":{"line":23,"column":0},"end":{"line":23,"column":33}}},"fnMap":{"0":{"name":"(anonymous_0)","decl":{"start":{"line":2,"column":2},"end":{"line":2,"column":3}},"loc":{"start":{"line":2,"column":27},"end":{"line":4,"column":3}},"line":2},"1":{"name":"(anonymous_1)","decl":{"start":{"line":6,"column":2},"end":{"line":6,"column":3}},"loc":{"start":{"line":6,"column":28},"end":{"line":8,"column":3}},"line":6},"2":{"name":"(anonymous_2)","decl":{"start":{"line":10,"column":2},"end":{"line":10,"column":3}},"loc":{"start":{"line":10,"column":35},"end":{"line":12,"column":3}},"line":10},"3":{"name":"(anonymous_3)","decl":{"start":{"line":14,"column":2},"end":{"line":14,"column":3}},"loc":{"start":{"line":14,"column":40},"end":{"line":16,"column":3}},"line":14},"4":{"name":"(anonymous_4)","decl":{"start":{"line":18,"column":2},"end":{"line":18,"column":3}},"loc":{"start":{"line":18,"column":43},"end":{"line":20,"column":3}},"line":18}},"branchMap":{},"s":{"0":1,"1":1,"2":1,"3":1,"4":1,"5":10},"f":{"0":1,"1":1,"2":1,"3":1,"4":1},"b":{},"_coverageSchema":"1a1c01bbd47fc00a2c39e90264f33305004495a9","hash":"6f60d19fc6585607caf768b1b2040895a8d8e1d1"}
,"C:\\Users\\fajra\\Apps Development\\Dicoding Submission\\forum-api-starter-project\\src\\Domains\\replies\\entities\\AddReply.js": {"path":"C:\\Users\\fajra\\Apps Development\\Dicoding Submission\\forum-api-starter-project\\src\\Domains\\replies\\entities\\AddReply.js","statementMap":{"0":{"start":{"line":1,"column":20},"end":{"line":1,"column":83}},"1":{"start":{"line":2,"column":0},"end":{"line":2,"column":58}},"2":{"start":{"line":6,"column":4},"end":{"line":6,"column":33}},"3":{"start":{"line":13,"column":8},"end":{"line":13,"column":15}},"4":{"start":{"line":15,"column":4},"end":{"line":15,"column":29}},"5":{"start":{"line":16,"column":4},"end":{"line":16,"column":31}},"6":{"start":{"line":17,"column":4},"end":{"line":17,"column":23}},"7":{"start":{"line":18,"column":4},"end":{"line":18,"column":27}},"8":{"start":{"line":24,"column":4},"end":{"line":27,"column":5}},"9":{"start":{"line":26,"column":6},"end":{"line":26,"column":63}},"10":{"start":{"line":29,"column":4},"end":{"line":32,"column":5}},"11":{"start":{"line":31,"column":6},"end":{"line":31,"column":68}},"12":{"start":{"line":34,"column":4},"end":{"line":36,"column":5}},"13":{"start":{"line":35,"column":6},"end":{"line":35,"column":47}},"14":{"start":{"line":38,"column":4},"end":{"line":40,"column":5}},"15":{"start":{"line":39,"column":6},"end":{"line":39,"column":51}},"16":{"start":{"line":42,"column":4},"end":{"line":44,"column":5}},"17":{"start":{"line":43,"column":6},"end":{"line":43,"column":52}},"18":{"start":{"line":46,"column":4},"end":{"line":48,"column":5}},"19":{"start":{"line":47,"column":6},"end":{"line":47,"column":49}},"20":{"start":{"line":50,"column":4},"end":{"line":52,"column":5}},"21":{"start":{"line":51,"column":6},"end":{"line":51,"column":52}},"22":{"start":{"line":54,"column":4},"end":{"line":56,"column":5}},"23":{"start":{"line":55,"column":6},"end":{"line":55,"column":56}},"24":{"start":{"line":58,"column":4},"end":{"line":60,"column":5}},"25":{"start":{"line":59,"column":6},"end":{"line":59,"column":57}},"26":{"start":{"line":64,"column":0},"end":{"line":64,"column":26}}},"fnMap":{"0":{"name":"(anonymous_0)","decl":{"start":{"line":5,"column":2},"end":{"line":5,"column":3}},"loc":{"start":{"line":5,"column":23},"end":{"line":19,"column":3}},"line":5}},"branchMap":{"0":{"loc":{"start":{"line":24,"column":4},"end":{"line":27,"column":5}},"type":"if","locations":[{"start":{"line":24,"column":4},"end":{"line":27,"column":5}},{"start":{},"end":{}}],"line":24},"1":{"loc":{"start":{"line":24,"column":8},"end":{"line":25,"column":53}},"type":"binary-expr","locations":[{"start":{"line":24,"column":8},"end":{"line":24,"column":26}},{"start":{"line":24,"column":30},"end":{"line":24,"column":51}},{"start":{"line":25,"column":7},"end":{"line":25,"column":29}},{"start":{"line":25,"column":33},"end":{"line":25,"column":53}}],"line":24},"2":{"loc":{"start":{"line":29,"column":4},"end":{"line":32,"column":5}},"type":"if","locations":[{"start":{"line":29,"column":4},"end":{"line":32,"column":5}},{"start":{},"end":{}}],"line":29},"3":{"loc":{"start":{"line":29,"column":8},"end":{"line":30,"column":67}},"type":"binary-expr","locations":[{"start":{"line":29,"column":8},"end":{"line":29,"column":33}},{"start":{"line":29,"column":37},"end":{"line":29,"column":65}},{"start":{"line":30,"column":7},"end":{"line":30,"column":36}},{"start":{"line":30,"column":40},"end":{"line":30,"column":67}}],"line":29},"4":{"loc":{"start":{"line":34,"column":4},"end":{"line":36,"column":5}},"type":"if","locations":[{"start":{"line":34,"column":4},"end":{"line":36,"column":5}},{"start":{},"end":{}}],"line":34},"5":{"loc":{"start":{"line":38,"column":4},"end":{"line":40,"column":5}},"type":"if","locations":[{"start":{"line":38,"column":4},"end":{"line":40,"column":5}},{"start":{},"end":{}}],"line":38},"6":{"loc":{"start":{"line":42,"column":4},"end":{"line":44,"column":5}},"type":"if","locations":[{"start":{"line":42,"column":4},"end":{"line":44,"column":5}},{"start":{},"end":{}}],"line":42},"7":{"loc":{"start":{"line":46,"column":4},"end":{"line":48,"column":5}},"type":"if","locations":[{"start":{"line":46,"column":4},"end":{"line":48,"column":5}},{"start":{},"end":{}}],"line":46},"8":{"loc":{"start":{"line":50,"column":4},"end":{"line":52,"column":5}},"type":"if","locations":[{"start":{"line":50,"column":4},"end":{"line":52,"column":5}},{"start":{},"end":{}}],"line":50},"9":{"loc":{"start":{"line":54,"column":4},"end":{"line":56,"column":5}},"type":"if","locations":[{"start":{"line":54,"column":4},"end":{"line":56,"column":5}},{"start":{},"end":{}}],"line":54},"10":{"loc":{"start":{"line":58,"column":4},"end":{"line":60,"column":5}},"type":"if","locations":[{"start":{"line":58,"column":4},"end":{"line":60,"column":5}},{"start":{},"end":{}}],"line":58}},"s":{"0":9,"1":9,"2":21,"3":10,"4":10,"5":10,"6":10,"7":10,"8":21,"9":2,"10":19,"11":2,"12":17,"13":1,"14":16,"15":1,"16":15,"17":1,"18":14,"19":1,"20":13,"21":1,"22":12,"23":1,"24":11,"25":1,"26":9},"f":{"0":21},"b":{"0":[2,19],"1":[21,21,21,21],"2":[2,17],"3":[19,18,18,18],"4":[1,16],"5":[1,15],"6":[1,14],"7":[1,13],"8":[1,12],"9":[1,11],"10":[1,10]},"_coverageSchema":"1a1c01bbd47fc00a2c39e90264f33305004495a9","hash":"6d9b6a6a1b8907634bc0fd635a73aee60399aa4b"}
,"C:\\Users\\fajra\\Apps Development\\Dicoding Submission\\forum-api-starter-project\\src\\Domains\\replies\\entities\\DeleteReply.js": {"path":"C:\\Users\\fajra\\Apps Development\\Dicoding Submission\\forum-api-starter-project\\src\\Domains\\replies\\entities\\DeleteReply.js","statementMap":{"0":{"start":{"line":1,"column":20},"end":{"line":1,"column":83}},"1":{"start":{"line":2,"column":0},"end":{"line":2,"column":58}},"2":{"start":{"line":6,"column":4},"end":{"line":6,"column":33}},"3":{"start":{"line":10,"column":8},"end":{"line":10,"column":15}},"4":{"start":{"line":12,"column":4},"end":{"line":12,"column":17}},"5":{"start":{"line":13,"column":4},"end":{"line":13,"column":29}},"6":{"start":{"line":14,"column":4},"end":{"line":14,"column":31}},"7":{"start":{"line":15,"column":4},"end":{"line":15,"column":23}},"8":{"start":{"line":21,"column":4},"end":{"line":23,"column":5}},"9":{"start":{"line":22,"column":6},"end":{"line":22,"column":66}},"10":{"start":{"line":25,"column":4},"end":{"line":27,"column":5}},"11":{"start":{"line":26,"column":6},"end":{"line":26,"column":71}},"12":{"start":{"line":29,"column":4},"end":{"line":31,"column":5}},"13":{"start":{"line":30,"column":6},"end":{"line":30,"column":47}},"14":{"start":{"line":33,"column":4},"end":{"line":35,"column":5}},"15":{"start":{"line":34,"column":6},"end":{"line":34,"column":55}},"16":{"start":{"line":37,"column":4},"end":{"line":39,"column":5}},"17":{"start":{"line":38,"column":6},"end":{"line":38,"column":54}},"18":{"start":{"line":41,"column":4},"end":{"line":43,"column":5}},"19":{"start":{"line":42,"column":6},"end":{"line":42,"column":50}},"20":{"start":{"line":47,"column":0},"end":{"line":47,"column":29}}},"fnMap":{"0":{"name":"(anonymous_0)","decl":{"start":{"line":5,"column":2},"end":{"line":5,"column":3}},"loc":{"start":{"line":5,"column":23},"end":{"line":16,"column":3}},"line":5}},"branchMap":{"0":{"loc":{"start":{"line":21,"column":4},"end":{"line":23,"column":5}},"type":"if","locations":[{"start":{"line":21,"column":4},"end":{"line":23,"column":5}},{"start":{},"end":{}}],"line":21},"1":{"loc":{"start":{"line":21,"column":8},"end":{"line":21,"column":96}},"type":"binary-expr","locations":[{"start":{"line":21,"column":8},"end":{"line":21,"column":23}},{"start":{"line":21,"column":27},"end":{"line":21,"column":49}},{"start":{"line":21,"column":53},"end":{"line":21,"column":71}},{"start":{"line":21,"column":75},"end":{"line":21,"column":96}}],"line":21},"2":{"loc":{"start":{"line":25,"column":4},"end":{"line":27,"column":5}},"type":"if","locations":[{"start":{"line":25,"column":4},"end":{"line":27,"column":5}},{"start":{},"end":{}}],"line":25},"3":{"loc":{"start":{"line":25,"column":8},"end":{"line":25,"column":91}},"type":"binary-expr","locations":[{"start":{"line":25,"column":8},"end":{"line":25,"column":30}},{"start":{"line":25,"column":34},"end":{"line":25,"column":59}},{"start":{"line":25,"column":63},"end":{"line":25,"column":91}}],"line":25},"4":{"loc":{"start":{"line":29,"column":4},"end":{"line":31,"column":5}},"type":"if","locations":[{"start":{"line":29,"column":4},"end":{"line":31,"column":5}},{"start":{},"end":{}}],"line":29},"5":{"loc":{"start":{"line":33,"column":4},"end":{"line":35,"column":5}},"type":"if","locations":[{"start":{"line":33,"column":4},"end":{"line":35,"column":5}},{"start":{},"end":{}}],"line":33},"6":{"loc":{"start":{"line":37,"column":4},"end":{"line":39,"column":5}},"type":"if","locations":[{"start":{"line":37,"column":4},"end":{"line":39,"column":5}},{"start":{},"end":{}}],"line":37},"7":{"loc":{"start":{"line":41,"column":4},"end":{"line":43,"column":5}},"type":"if","locations":[{"start":{"line":41,"column":4},"end":{"line":43,"column":5}},{"start":{},"end":{}}],"line":41}},"s":{"0":8,"1":8,"2":14,"3":8,"4":8,"5":8,"6":8,"7":8,"8":14,"9":1,"10":13,"11":1,"12":12,"13":1,"14":11,"15":1,"16":10,"17":1,"18":9,"19":1,"20":8},"f":{"0":14},"b":{"0":[1,13],"1":[14,13,13,13],"2":[1,12],"3":[13,12,12],"4":[1,11],"5":[1,10],"6":[1,9],"7":[1,8]},"_coverageSchema":"1a1c01bbd47fc00a2c39e90264f33305004495a9","hash":"4ce481a0f69a3e069ce0133b3cd28bfb044411d0"}
,"C:\\Users\\fajra\\Apps Development\\Dicoding Submission\\forum-api-starter-project\\src\\Domains\\threads\\ThreadRepository.js": {"path":"C:\\Users\\fajra\\Apps Development\\Dicoding Submission\\forum-api-starter-project\\src\\Domains\\threads\\ThreadRepository.js","statementMap":{"0":{"start":{"line":3,"column":4},"end":{"line":3,"column":64}},"1":{"start":{"line":7,"column":4},"end":{"line":7,"column":64}},"2":{"start":{"line":11,"column":4},"end":{"line":11,"column":64}},"3":{"start":{"line":15,"column":0},"end":{"line":15,"column":34}}},"fnMap":{"0":{"name":"(anonymous_0)","decl":{"start":{"line":2,"column":2},"end":{"line":2,"column":3}},"loc":{"start":{"line":2,"column":29},"end":{"line":4,"column":3}},"line":2},"1":{"name":"(anonymous_1)","decl":{"start":{"line":6,"column":2},"end":{"line":6,"column":3}},"loc":{"start":{"line":6,"column":32},"end":{"line":8,"column":3}},"line":6},"2":{"name":"(anonymous_2)","decl":{"start":{"line":10,"column":2},"end":{"line":10,"column":3}},"loc":{"start":{"line":10,"column":36},"end":{"line":12,"column":3}},"line":10}},"branchMap":{},"s":{"0":1,"1":1,"2":1,"3":11},"f":{"0":1,"1":1,"2":1},"b":{},"_coverageSchema":"1a1c01bbd47fc00a2c39e90264f33305004495a9","hash":"40c673f6b97b6d7a9d207642edb27a3090d69682"}
,"C:\\Users\\fajra\\Apps Development\\Dicoding Submission\\forum-api-starter-project\\src\\Domains\\threads\\entities\\AddThread.js": {"path":"C:\\Users\\fajra\\Apps Development\\Dicoding Submission\\forum-api-starter-project\\src\\Domains\\threads\\entities\\AddThread.js","statementMap":{"0":{"start":{"line":1,"column":20},"end":{"line":1,"column":83}},"1":{"start":{"line":2,"column":0},"end":{"line":2,"column":58}},"2":{"start":{"line":6,"column":4},"end":{"line":6,"column":33}},"3":{"start":{"line":8,"column":35},"end":{"line":8,"column":42}},"4":{"start":{"line":10,"column":4},"end":{"line":10,"column":23}},"5":{"start":{"line":11,"column":4},"end":{"line":11,"column":23}},"6":{"start":{"line":12,"column":4},"end":{"line":12,"column":21}},"7":{"start":{"line":16,"column":4},"end":{"line":18,"column":5}},"8":{"start":{"line":17,"column":6},"end":{"line":17,"column":64}},"9":{"start":{"line":20,"column":4},"end":{"line":22,"column":5}},"10":{"start":{"line":21,"column":6},"end":{"line":21,"column":69}},"11":{"start":{"line":24,"column":4},"end":{"line":26,"column":5}},"12":{"start":{"line":25,"column":6},"end":{"line":25,"column":48}},"13":{"start":{"line":28,"column":4},"end":{"line":30,"column":5}},"14":{"start":{"line":29,"column":6},"end":{"line":29,"column":48}},"15":{"start":{"line":32,"column":4},"end":{"line":34,"column":5}},"16":{"start":{"line":33,"column":6},"end":{"line":33,"column":47}},"17":{"start":{"line":36,"column":4},"end":{"line":38,"column":5}},"18":{"start":{"line":37,"column":6},"end":{"line":37,"column":53}},"19":{"start":{"line":42,"column":0},"end":{"line":42,"column":27}}},"fnMap":{"0":{"name":"(anonymous_0)","decl":{"start":{"line":5,"column":2},"end":{"line":5,"column":3}},"loc":{"start":{"line":5,"column":23},"end":{"line":13,"column":3}},"line":5}},"branchMap":{"0":{"loc":{"start":{"line":16,"column":4},"end":{"line":18,"column":5}},"type":"if","locations":[{"start":{"line":16,"column":4},"end":{"line":18,"column":5}},{"start":{},"end":{}}],"line":16},"1":{"loc":{"start":{"line":16,"column":8},"end":{"line":16,"column":69}},"type":"binary-expr","locations":[{"start":{"line":16,"column":8},"end":{"line":16,"column":26}},{"start":{"line":16,"column":30},"end":{"line":16,"column":48}},{"start":{"line":16,"column":52},"end":{"line":16,"column":69}}],"line":16},"2":{"loc":{"start":{"line":20,"column":4},"end":{"line":22,"column":5}},"type":"if","locations":[{"start":{"line":20,"column":4},"end":{"line":22,"column":5}},{"start":{},"end":{}}],"line":20},"3":{"loc":{"start":{"line":20,"column":8},"end":{"line":20,"column":90}},"type":"binary-expr","locations":[{"start":{"line":20,"column":8},"end":{"line":20,"column":33}},{"start":{"line":20,"column":37},"end":{"line":20,"column":62}},{"start":{"line":20,"column":66},"end":{"line":20,"column":90}}],"line":20},"4":{"loc":{"start":{"line":24,"column":4},"end":{"line":26,"column":5}},"type":"if","locations":[{"start":{"line":24,"column":4},"end":{"line":26,"column":5}},{"start":{},"end":{}}],"line":24},"5":{"loc":{"start":{"line":28,"column":4},"end":{"line":30,"column":5}},"type":"if","locations":[{"start":{"line":28,"column":4},"end":{"line":30,"column":5}},{"start":{},"end":{}}],"line":28},"6":{"loc":{"start":{"line":32,"column":4},"end":{"line":34,"column":5}},"type":"if","locations":[{"start":{"line":32,"column":4},"end":{"line":34,"column":5}},{"start":{},"end":{}}],"line":32},"7":{"loc":{"start":{"line":36,"column":4},"end":{"line":38,"column":5}},"type":"if","locations":[{"start":{"line":36,"column":4},"end":{"line":38,"column":5}},{"start":{},"end":{}}],"line":36}},"s":{"0":9,"1":9,"2":14,"3":6,"4":6,"5":6,"6":6,"7":14,"8":2,"9":12,"10":2,"11":10,"12":1,"13":9,"14":1,"15":8,"16":1,"17":7,"18":1,"19":9},"f":{"0":14},"b":{"0":[2,12],"1":[14,14,13],"2":[2,10],"3":[12,11,10],"4":[1,9],"5":[1,8],"6":[1,7],"7":[1,6]},"_coverageSchema":"1a1c01bbd47fc00a2c39e90264f33305004495a9","hash":"80cf357977f506711624cb5e4d40745d22cd0885"}
,"C:\\Users\\fajra\\Apps Development\\Dicoding Submission\\forum-api-starter-project\\src\\Domains\\threads\\entities\\AddedThread.js": {"path":"C:\\Users\\fajra\\Apps Development\\Dicoding Submission\\forum-api-starter-project\\src\\Domains\\threads\\entities\\AddedThread.js","statementMap":{"0":{"start":{"line":1,"column":20},"end":{"line":1,"column":83}},"1":{"start":{"line":5,"column":4},"end":{"line":5,"column":33}},"2":{"start":{"line":7,"column":33},"end":{"line":7,"column":40}},"3":{"start":{"line":9,"column":4},"end":{"line":9,"column":17}},"4":{"start":{"line":10,"column":4},"end":{"line":10,"column":23}},"5":{"start":{"line":11,"column":4},"end":{"line":11,"column":23}},"6":{"start":{"line":15,"column":4},"end":{"line":17,"column":5}},"7":{"start":{"line":16,"column":6},"end":{"line":16,"column":66}},"8":{"start":{"line":19,"column":4},"end":{"line":21,"column":5}},"9":{"start":{"line":20,"column":6},"end":{"line":20,"column":71}},"10":{"start":{"line":25,"column":0},"end":{"line":25,"column":29}}},"fnMap":{"0":{"name":"(anonymous_0)","decl":{"start":{"line":4,"column":2},"end":{"line":4,"column":3}},"loc":{"start":{"line":4,"column":23},"end":{"line":12,"column":3}},"line":4}},"branchMap":{"0":{"loc":{"start":{"line":15,"column":4},"end":{"line":17,"column":5}},"type":"if","locations":[{"start":{"line":15,"column":4},"end":{"line":17,"column":5}},{"start":{},"end":{}}],"line":15},"1":{"loc":{"start":{"line":15,"column":8},"end":{"line":15,"column":67}},"type":"binary-expr","locations":[{"start":{"line":15,"column":8},"end":{"line":15,"column":23}},{"start":{"line":15,"column":27},"end":{"line":15,"column":45}},{"start":{"line":15,"column":49},"end":{"line":15,"column":67}}],"line":15},"2":{"loc":{"start":{"line":19,"column":4},"end":{"line":21,"column":5}},"type":"if","locations":[{"start":{"line":19,"column":4},"end":{"line":21,"column":5}},{"start":{},"end":{}}],"line":19},"3":{"loc":{"start":{"line":19,"column":8},"end":{"line":19,"column":88}},"type":"binary-expr","locations":[{"start":{"line":19,"column":8},"end":{"line":19,"column":30}},{"start":{"line":19,"column":34},"end":{"line":19,"column":59}},{"start":{"line":19,"column":63},"end":{"line":19,"column":88}}],"line":19}},"s":{"0":8,"1":9,"2":7,"3":7,"4":7,"5":7,"6":9,"7":1,"8":8,"9":1,"10":8},"f":{"0":9},"b":{"0":[1,8],"1":[9,9,9],"2":[1,7],"3":[8,7,7]},"_coverageSchema":"1a1c01bbd47fc00a2c39e90264f33305004495a9","hash":"fb2967f61a57a14dcfce6abfa77c214b9ff6a3a8"}
,"C:\\Users\\fajra\\Apps Development\\Dicoding Submission\\forum-api-starter-project\\src\\Domains\\threads\\entities\\ThreadDetail.js": {"path":"C:\\Users\\fajra\\Apps Development\\Dicoding Submission\\forum-api-starter-project\\src\\Domains\\threads\\entities\\ThreadDetail.js","statementMap":{"0":{"start":{"line":1,"column":20},"end":{"line":1,"column":83}},"1":{"start":{"line":2,"column":27},"end":{"line":2,"column":80}},"2":{"start":{"line":6,"column":4},"end":{"line":6,"column":33}},"3":{"start":{"line":10,"column":8},"end":{"line":10,"column":15}},"4":{"start":{"line":12,"column":4},"end":{"line":12,"column":17}},"5":{"start":{"line":13,"column":4},"end":{"line":13,"column":23}},"6":{"start":{"line":14,"column":4},"end":{"line":14,"column":21}},"7":{"start":{"line":15,"column":4},"end":{"line":15,"column":21}},"8":{"start":{"line":16,"column":4},"end":{"line":16,"column":29}},"9":{"start":{"line":17,"column":4},"end":{"line":17,"column":29}},"10":{"start":{"line":23,"column":4},"end":{"line":26,"column":5}},"11":{"start":{"line":25,"column":6},"end":{"line":25,"column":67}},"12":{"start":{"line":28,"column":4},"end":{"line":32,"column":5}},"13":{"start":{"line":31,"column":6},"end":{"line":31,"column":72}},"14":{"start":{"line":38,"column":4},"end":{"line":48,"column":6}},"15":{"start":{"line":46,"column":38},"end":{"line":46,"column":75}},"16":{"start":{"line":52,"column":0},"end":{"line":52,"column":30}}},"fnMap":{"0":{"name":"(anonymous_0)","decl":{"start":{"line":5,"column":2},"end":{"line":5,"column":3}},"loc":{"start":{"line":5,"column":23},"end":{"line":18,"column":3}},"line":5},"1":{"name":"(anonymous_1)","decl":{"start":{"line":35,"column":2},"end":{"line":35,"column":3}},"loc":{"start":{"line":37,"column":5},"end":{"line":49,"column":3}},"line":37},"2":{"name":"(anonymous_2)","decl":{"start":{"line":46,"column":25},"end":{"line":46,"column":26}},"loc":{"start":{"line":46,"column":38},"end":{"line":46,"column":75}},"line":46}},"branchMap":{"0":{"loc":{"start":{"line":23,"column":4},"end":{"line":26,"column":5}},"type":"if","locations":[{"start":{"line":23,"column":4},"end":{"line":26,"column":5}},{"start":{},"end":{}}],"line":23},"1":{"loc":{"start":{"line":23,"column":8},"end":{"line":24,"column":74}},"type":"binary-expr","locations":[{"start":{"line":23,"column":8},"end":{"line":23,"column":23}},{"start":{"line":23,"column":27},"end":{"line":23,"column":45}},{"start":{"line":23,"column":49},"end":{"line":23,"column":66}},{"start":{"line":24,"column":7},"end":{"line":24,"column":24}},{"start":{"line":24,"column":28},"end":{"line":24,"column":49}},{"start":{"line":24,"column":53},"end":{"line":24,"column":74}}],"line":23},"2":{"loc":{"start":{"line":28,"column":4},"end":{"line":32,"column":5}},"type":"if","locations":[{"start":{"line":28,"column":4},"end":{"line":32,"column":5}},{"start":{},"end":{}}],"line":28},"3":{"loc":{"start":{"line":28,"column":8},"end":{"line":30,"column":63}},"type":"binary-expr","locations":[{"start":{"line":28,"column":8},"end":{"line":28,"column":30}},{"start":{"line":28,"column":34},"end":{"line":28,"column":59}},{"start":{"line":29,"column":7},"end":{"line":29,"column":31}},{"start":{"line":29,"column":35},"end":{"line":29,"column":59}},{"start":{"line":30,"column":7},"end":{"line":30,"column":35}},{"start":{"line":30,"column":39},"end":{"line":30,"column":63}}],"line":28},"4":{"loc":{"start":{"line":45,"column":18},"end":{"line":46,"column":81}},"type":"cond-expr","locations":[{"start":{"line":46,"column":12},"end":{"line":46,"column":76}},{"start":{"line":46,"column":79},"end":{"line":46,"column":81}}],"line":45}},"s":{"0":9,"1":9,"2":11,"3":9,"4":9,"5":9,"6":9,"7":9,"8":9,"9":9,"10":11,"11":1,"12":10,"13":1,"14":5,"15":4,"16":9},"f":{"0":11,"1":5,"2":4},"b":{"0":[1,10],"1":[11,11,11,11,11,11],"2":[1,9],"3":[10,9,9,9,9,9],"4":[4,1]},"_coverageSchema":"1a1c01bbd47fc00a2c39e90264f33305004495a9","hash":"abc6b1477235b9ef5bd32b91bf5b84e6f5cfaa93"}
,"C:\\Users\\fajra\\Apps Development\\Dicoding Submission\\forum-api-starter-project\\src\\Domains\\users\\UserRepository.js": {"path":"C:\\Users\\fajra\\Apps Development\\Dicoding Submission\\forum-api-starter-project\\src\\Domains\\users\\UserRepository.js","statementMap":{"0":{"start":{"line":3,"column":4},"end":{"line":3,"column":62}},"1":{"start":{"line":7,"column":4},"end":{"line":7,"column":62}},"2":{"start":{"line":11,"column":4},"end":{"line":11,"column":62}},"3":{"start":{"line":15,"column":0},"end":{"line":15,"column":32}}},"fnMap":{"0":{"name":"(anonymous_0)","decl":{"start":{"line":2,"column":2},"end":{"line":2,"column":3}},"loc":{"start":{"line":2,"column":30},"end":{"line":4,"column":3}},"line":2},"1":{"name":"(anonymous_1)","decl":{"start":{"line":6,"column":2},"end":{"line":6,"column":3}},"loc":{"start":{"line":6,"column":40},"end":{"line":8,"column":3}},"line":6},"2":{"name":"(anonymous_2)","decl":{"start":{"line":10,"column":2},"end":{"line":10,"column":3}},"loc":{"start":{"line":10,"column":34},"end":{"line":12,"column":3}},"line":10}},"branchMap":{},"s":{"0":1,"1":1,"2":1,"3":9},"f":{"0":1,"1":1,"2":1},"b":{},"_coverageSchema":"1a1c01bbd47fc00a2c39e90264f33305004495a9","hash":"888ce42433556a60a08203c27089f2caad11c061"}
,"C:\\Users\\fajra\\Apps Development\\Dicoding Submission\\forum-api-starter-project\\src\\Domains\\users\\entities\\RegisterUser.js": {"path":"C:\\Users\\fajra\\Apps Development\\Dicoding Submission\\forum-api-starter-project\\src\\Domains\\users\\entities\\RegisterUser.js","statementMap":{"0":{"start":{"line":1,"column":20},"end":{"line":1,"column":83}},"1":{"start":{"line":2,"column":0},"end":{"line":2,"column":58}},"2":{"start":{"line":6,"column":4},"end":{"line":6,"column":33}},"3":{"start":{"line":8,"column":45},"end":{"line":8,"column":52}},"4":{"start":{"line":10,"column":4},"end":{"line":10,"column":29}},"5":{"start":{"line":11,"column":4},"end":{"line":11,"column":29}},"6":{"start":{"line":12,"column":4},"end":{"line":12,"column":29}},"7":{"start":{"line":16,"column":4},"end":{"line":18,"column":5}},"8":{"start":{"line":17,"column":6},"end":{"line":17,"column":67}},"9":{"start":{"line":20,"column":4},"end":{"line":22,"column":5}},"10":{"start":{"line":21,"column":6},"end":{"line":21,"column":72}},"11":{"start":{"line":23,"column":4},"end":{"line":25,"column":5}},"12":{"start":{"line":24,"column":6},"end":{"line":24,"column":54}},"13":{"start":{"line":27,"column":4},"end":{"line":29,"column":5}},"14":{"start":{"line":28,"column":6},"end":{"line":28,"column":59}},"15":{"start":{"line":31,"column":4},"end":{"line":33,"column":5}},"16":{"start":{"line":32,"column":6},"end":{"line":32,"column":77}},"17":{"start":{"line":37,"column":0},"end":{"line":37,"column":30}}},"fnMap":{"0":{"name":"(anonymous_0)","decl":{"start":{"line":5,"column":2},"end":{"line":5,"column":3}},"loc":{"start":{"line":5,"column":23},"end":{"line":13,"column":3}},"line":5}},"branchMap":{"0":{"loc":{"start":{"line":16,"column":4},"end":{"line":18,"column":5}},"type":"if","locations":[{"start":{"line":16,"column":4},"end":{"line":18,"column":5}},{"start":{},"end":{}}],"line":16},"1":{"loc":{"start":{"line":16,"column":8},"end":{"line":16,"column":79}},"type":"binary-expr","locations":[{"start":{"line":16,"column":8},"end":{"line":16,"column":29}},{"start":{"line":16,"column":33},"end":{"line":16,"column":54}},{"start":{"line":16,"column":58},"end":{"line":16,"column":79}}],"line":16},"2":{"loc":{"start":{"line":20,"column":4},"end":{"line":22,"column":5}},"type":"if","locations":[{"start":{"line":20,"column":4},"end":{"line":22,"column":5}},{"start":{},"end":{}}],"line":20},"3":{"loc":{"start":{"line":20,"column":8},"end":{"line":20,"column":100}},"type":"binary-expr","locations":[{"start":{"line":20,"column":8},"end":{"line":20,"column":36}},{"start":{"line":20,"column":40},"end":{"l
[...]
handler.js": {"path":"C:\\Users\\fajra\\Apps Development\\Dicoding Submission\\forum-api-starter-project\\src\\Interfaces\\http\\api\\authentications\\handler.js","statementMap":{"0":{"start":{"line":1,"column":25},"end":{"line":1,"column":86}},"1":{"start":{"line":2,"column":37},"end":{"line":2,"column":110}},"2":{"start":{"line":3,"column":26},"end":{"line":3,"column":88}},"3":{"start":{"line":9,"column":4},"end":{"line":9,"column":32}},"4":{"start":{"line":11,"column":4},"end":{"line":11,"column":79}},"5":{"start":{"line":12,"column":4},"end":{"line":12,"column":77}},"6":{"start":{"line":13,"column":4},"end":{"line":13,"column":83}},"7":{"start":{"line":17,"column":29},"end":{"line":17,"column":79}},"8":{"start":{"line":18,"column":42},"end":{"line":18,"column":89}},"9":{"start":{"line":19,"column":21},"end":{"line":25,"column":6}},"10":{"start":{"line":26,"column":4},"end":{"line":26,"column":23}},"11":{"start":{"line":27,"column":4},"end":{"line":27,"column":20}},"12":{"start":{"line":31,"column":41},"end":{"line":32,"column":53}},"13":{"start":{"line":33,"column":24},"end":{"line":33,"column":83}},"14":{"start":{"line":35,"column":4},"end":{"line":40,"column":6}},"15":{"start":{"line":44,"column":30},"end":{"line":44,"column":81}},"16":{"start":{"line":45,"column":4},"end":{"line":45,"column":53}},"17":{"start":{"line":46,"column":4},"end":{"line":48,"column":6}},"18":{"start":{"line":52,"column":0},"end":{"line":52,"column":40}}},"fnMap":{"0":{"name":"(anonymous_0)","decl":{"start":{"line":8,"column":2},"end":{"line":8,"column":3}},"loc":{"start":{"line":8,"column":25},"end":{"line":14,"column":3}},"line":8},"1":{"name":"(anonymous_1)","decl":{"start":{"line":16,"column":2},"end":{"line":16,"column":3}},"loc":{"start":{"line":16,"column":46},"end":{"line":28,"column":3}},"line":16},"2":{"name":"(anonymous_2)","decl":{"start":{"line":30,"column":2},"end":{"line":30,"column":3}},"loc":{"start":{"line":30,"column":42},"end":{"line":41,"column":3}},"line":30},"3":{"name":"(anonymous_3)","decl":{"start":{"line":43,"column":2},"end":{"line":43,"column":3}},"loc":{"start":{"line":43,"column":45},"end":{"line":49,"column":3}},"line":43}},"branchMap":{},"s":{"0":6,"1":6,"2":6,"3":60,"4":60,"5":60,"6":60,"7":11,"8":11,"9":7,"10":7,"11":7,"12":5,"13":5,"14":1,"15":4,"16":4,"17":1,"18":6},"f":{"0":60,"1":11,"2":5,"3":4},"b":{},"_coverageSchema":"1a1c01bbd47fc00a2c39e90264f33305004495a9","hash":"17632e9898ef27a94d95cbe476370a7c1236c0b4"}
,"C:\\Users\\fajra\\Apps Development\\Dicoding Submission\\forum-api-starter-project\\src\\Interfaces\\http\\api\\authentications\\index.js": {"path":"C:\\Users\\fajra\\Apps Development\\Dicoding Submission\\forum-api-starter-project\\src\\Interfaces\\http\\api\\authentications\\index.js","statementMap":{"0":{"start":{"line":1,"column":15},"end":{"line":1,"column":34}},"1":{"start":{"line":2,"column":31},"end":{"line":2,"column":51}},"2":{"start":{"line":4,"column":0},"end":{"line":10,"column":2}},"3":{"start":{"line":7,"column":35},"end":{"line":7,"column":72}},"4":{"start":{"line":8,"column":4},"end":{"line":8,"column":49}}},"fnMap":{"0":{"name":"(anonymous_0)","decl":{"start":{"line":6,"column":12},"end":{"line":6,"column":13}},"loc":{"start":{"line":6,"column":45},"end":{"line":9,"column":3}},"line":6}},"branchMap":{},"s":{"0":6,"1":6,"2":6,"3":60,"4":60},"f":{"0":60},"b":{},"_coverageSchema":"1a1c01bbd47fc00a2c39e90264f33305004495a9","hash":"9ae75485b1635d9de79e81f9e5ccb43a374dcc94"}
,"C:\\Users\\fajra\\Apps Development\\Dicoding Submission\\forum-api-starter-project\\src\\Interfaces\\http\\api\\authentications\\routes.js": {"path":"C:\\Users\\fajra\\Apps Development\\Dicoding Submission\\forum-api-starter-project\\src\\Interfaces\\http\\api\\authentications\\routes.js","statementMap":{"0":{"start":{"line":1,"column":15},"end":{"line":17,"column":2}},"1":{"start":{"line":1,"column":29},"end":{"line":17,"column":1}},"2":{"start":{"line":19,"column":0},"end":{"line":19,"column":24}}},"fnMap":{"0":{"name":"(anonymous_0)","decl":{"start":{"line":1,"column":15},"end":{"line":1,"column":16}},"loc":{"start":{"line":1,"column":29},"end":{"line":17,"column":1}},"line":1}},"branchMap":{},"s":{"0":6,"1":60,"2":6},"f":{"0":60},"b":{},"_coverageSchema":"1a1c01bbd47fc00a2c39e90264f33305004495a9","hash":"1e54c8579934dbe5496453010eb24794763650a2"}
,"C:\\Users\\fajra\\Apps Development\\Dicoding Submission\\forum-api-starter-project\\src\\Interfaces\\http\\api\\comments\\handler.js": {"path":"C:\\Users\\fajra\\Apps Development\\Dicoding Submission\\forum-api-starter-project\\src\\Interfaces\\http\\api\\comments\\handler.js","statementMap":{"0":{"start":{"line":1,"column":26},"end":{"line":1,"column":88}},"1":{"start":{"line":2,"column":29},"end":{"line":2,"column":94}},"2":{"start":{"line":8,"column":4},"end":{"line":8,"column":32}},"3":{"start":{"line":10,"column":4},"end":{"line":10,"column":65}},"4":{"start":{"line":11,"column":4},"end":{"line":11,"column":77}},"5":{"start":{"line":15,"column":25},"end":{"line":15,"column":39}},"6":{"start":{"line":16,"column":26},"end":{"line":16,"column":50}},"7":{"start":{"line":17,"column":31},"end":{"line":17,"column":82}},"8":{"start":{"line":18,"column":25},"end":{"line":18,"column":98}},"9":{"start":{"line":20,"column":21},"end":{"line":25,"column":6}},"10":{"start":{"line":26,"column":4},"end":{"line":26,"column":23}},"11":{"start":{"line":27,"column":4},"end":{"line":27,"column":20}},"12":{"start":{"line":31,"column":40},"end":{"line":31,"column":54}},"13":{"start":{"line":32,"column":26},"end":{"line":32,"column":50}},"14":{"start":{"line":33,"column":34},"end":{"line":33,"column":88}},"15":{"start":{"line":34,"column":4},"end":{"line":34,"column":65}},"16":{"start":{"line":35,"column":4},"end":{"line":37,"column":6}},"17":{"start":{"line":41,"column":0},"end":{"line":41,"column":33}}},"fnMap":{"0":{"name":"(anonymous_0)","decl":{"start":{"line":7,"column":2},"end":{"line":7,"column":3}},"loc":{"start":{"line":7,"column":25},"end":{"line":12,"column":3}},"line":7},"1":{"name":"(anonymous_1)","decl":{"start":{"line":14,"column":2},"end":{"line":14,"column":3}},"loc":{"start":{"line":14,"column":39},"end":{"line":28,"column":3}},"line":14},"2":{"name":"(anonymous_2)","decl":{"start":{"line":30,"column":2},"end":{"line":30,"column":3}},"loc":{"start":{"line":30,"column":42},"end":{"line":38,"column":3}},"line":30}},"branchMap":{},"s":{"0":6,"1":6,"2":60,"3":60,"4":60,"5":4,"6":4,"7":4,"8":4,"9":1,"10":1,"11":1,"12":4,"13":4,"14":4,"15":4,"16":1,"17":6},"f":{"0":60,"1":4,"2":4},"b":{},"_coverageSchema":"1a1c01bbd47fc00a2c39e90264f33305004495a9","hash":"186bb573979e9c0ec55679dd281353058973112a"}
,"C:\\Users\\fajra\\Apps Development\\Dicoding Submission\\forum-api-starter-project\\src\\Interfaces\\http\\api\\comments\\index.js": {"path":"C:\\Users\\fajra\\Apps Development\\Dicoding Submission\\forum-api-starter-project\\src\\Interfaces\\http\\api\\comments\\index.js","statementMap":{"0":{"start":{"line":1,"column":24},"end":{"line":1,"column":44}},"1":{"start":{"line":2,"column":15},"end":{"line":2,"column":34}},"2":{"start":{"line":4,"column":0},"end":{"line":10,"column":2}},"3":{"start":{"line":7,"column":28},"end":{"line":7,"column":58}},"4":{"start":{"line":8,"column":4},"end":{"line":8,"column":42}}},"fnMap":{"0":{"name":"(anonymous_0)","decl":{"start":{"line":6,"column":12},"end":{"line":6,"column":13}},"loc":{"start":{"line":6,"column":45},"end":{"line":9,"column":3}},"line":6}},"branchMap":{},"s":{"0":6,"1":6,"2":6,"3":60,"4":60},"f":{"0":60},"b":{},"_coverageSchema":"1a1c01bbd47fc00a2c39e90264f33305004495a9","hash":"c70ba8a5bdb52bf4b68dfce3b16702c2fcadba75"}
,"C:\\Users\\fajra\\Apps Development\\Dicoding Submission\\forum-api-starter-project\\src\\Interfaces\\http\\api\\comments\\routes.js": {"path":"C:\\Users\\fajra\\Apps Development\\Dicoding Submission\\forum-api-starter-project\\src\\Interfaces\\http\\api\\comments\\routes.js","statementMap":{"0":{"start":{"line":1,"column":15},"end":{"line":18,"column":2}},"1":{"start":{"line":1,"column":29},"end":{"line":18,"column":1}},"2":{"start":{"line":20,"column":0},"end":{"line":20,"column":24}}},"fnMap":{"0":{"name":"(anonymous_0)","decl":{"start":{"line":1,"column":15},"end":{"line":1,"column":16}},"loc":{"start":{"line":1,"column":29},"end":{"line":18,"column":1}},"line":1}},"branchMap":{},"s":{"0":6,"1":60,"2":6},"f":{"0":60},"b":{},"_coverageSchema":"1a1c01bbd47fc00a2c39e90264f33305004495a9","hash":"bc345f45f01e7ca24487ecef729c9b517f128dce"}
,"C:\\Users\\fajra\\Apps Development\\Dicoding Submission\\forum-api-starter-project\\src\\Interfaces\\http\\api\\replies\\handler.js": {"path":"C:\\Users\\fajra\\Apps Development\\Dicoding Submission\\forum-api-starter-project\\src\\Interfaces\\http\\api\\replies\\handler.js","statementMap":{"0":{"start":{"line":1,"column":24},"end":{"line":1,"column":84}},"1":{"start":{"line":2,"column":27},"end":{"line":2,"column":90}},"2":{"start":{"line":8,"column":4},"end":{"line":8,"column":32}},"3":{"start":{"line":10,"column":4},"end":{"line":10,"column":61}},"4":{"start":{"line":11,"column":4},"end":{"line":11,"column":73}},"5":{"start":{"line":15,"column":36},"end":{"line":15,"column":50}},"6":{"start":{"line":16,"column":26},"end":{"line":16,"column":50}},"7":{"start":{"line":17,"column":31},"end":{"line":17,"column":80}},"8":{"start":{"line":18,"column":23},"end":{"line":20,"column":6}},"9":{"start":{"line":22,"column":21},"end":{"line":27,"column":6}},"10":{"start":{"line":28,"column":4},"end":{"line":28,"column":23}},"11":{"start":{"line":29,"column":4},"end":{"line":29,"column":20}},"12":{"start":{"line":33,"column":49},"end":{"line":33,"column":63}},"13":{"start":{"line":34,"column":26},"end":{"line":34,"column":50}},"14":{"start":{"line":35,"column":32},"end":{"line":35,"column":84}},"15":{"start":{"line":36,"column":4},"end":{"line":38,"column":7}},"16":{"start":{"line":39,"column":4},"end":{"line":41,"column":6}},"17":{"start":{"line":45,"column":0},"end":{"line":45,"column":32}}},"fnMap":{"0":{"name":"(anonymous_0)","decl":{"start":{"line":7,"column":2},"end":{"line":7,"column":3}},"loc":{"start":{"line":7,"column":25},"end":{"line":12,"column":3}},"line":7},"1":{"name":"(anonymous_1)","decl":{"start":{"line":14,"column":2},"end":{"line":14,"column":3}},"loc":{"start":{"line":14,"column":37},"end":{"line":30,"column":3}},"line":14},"2":{"name":"(anonymous_2)","decl":{"start":{"line":32,"column":2},"end":{"line":32,"column":3}},"loc":{"start":{"line":32,"column":40},"end":{"line":42,"column":3}},"line":32}},"branchMap":{},"s":{"0":6,"1":6,"2":60,"3":60,"4":60,"5":5,"6":5,"7":5,"8":5,"9":1,"10":1,"11":1,"12":5,"13":5,"14":5,"15":5,"16":1,"17":6},"f":{"0":60,"1":5,"2":5},"b":{},"_coverageSchema":"1a1c01bbd47fc00a2c39e90264f33305004495a9","hash":"dbb22a8ed946594296ba565e8c4ca46e14d6a58e"}
,"C:\\Users\\fajra\\Apps Development\\Dicoding Submission\\forum-api-starter-project\\src\\Interfaces\\http\\api\\replies\\index.js": {"path":"C:\\Users\\fajra\\Apps Development\\Dicoding Submission\\forum-api-starter-project\\src\\Interfaces\\http\\api\\replies\\index.js","statementMap":{"0":{"start":{"line":1,"column":23},"end":{"line":1,"column":43}},"1":{"start":{"line":2,"column":15},"end":{"line":2,"column":34}},"2":{"start":{"line":4,"column":0},"end":{"line":10,"column":2}},"3":{"start":{"line":7,"column":27},"end":{"line":7,"column":56}},"4":{"start":{"line":8,"column":4},"end":{"line":8,"column":41}}},"fnMap":{"0":{"name":"(anonymous_0)","decl":{"start":{"line":6,"column":12},"end":{"line":6,"column":13}},"loc":{"start":{"line":6,"column":45},"end":{"line":9,"column":3}},"line":6}},"branchMap":{},"s":{"0":6,"1":6,"2":6,"3":60,"4":60},"f":{"0":60},"b":{},"_coverageSchema":"1a1c01bbd47fc00a2c39e90264f33305004495a9","hash":"11fd14d39ea1df9be0642d489e5380f7cb223d6b"}
,"C:\\Users\\fajra\\Apps Development\\Dicoding Submission\\forum-api-starter-project\\src\\Interfaces\\http\\api\\replies\\routes.js": {"path":"C:\\Users\\fajra\\Apps Development\\Dicoding Submission\\forum-api-starter-project\\src\\Interfaces\\http\\api\\replies\\routes.js","statementMap":{"0":{"start":{"line":1,"column":15},"end":{"line":18,"column":2}},"1":{"start":{"line":1,"column":29},"end":{"line":18,"column":1}},"2":{"start":{"line":20,"column":0},"end":{"line":20,"column":24}}},"fnMap":{"0":{"name":"(anonymous_0)","decl":{"start":{"line":1,"column":15},"end":{"line":1,"column":16}},"loc":{"start":{"line":1,"column":29},"end":{"line":18,"column":1}},"line":1}},"branchMap":{},"s":{"0":6,"1":60,"2":6},"f":{"0":60},"b":{},"_coverageSchema":"1a1c01bbd47fc00a2c39e90264f33305004495a9","hash":"a5d99ecb04624b9334d5db7d01a4776471717cf5"}
,"C:\\Users\\fajra\\Apps Development\\Dicoding Submission\\forum-api-starter-project\\src\\Interfaces\\http\\api\\threads\\handler.js": {"path":"C:\\Users\\fajra\\Apps Development\\Dicoding Submission\\forum-api-starter-project\\src\\Interfaces\\http\\api\\threads\\handler.js","statementMap":{"0":{"start":{"line":1,"column":25},"end":{"line":1,"column":86}},"1":{"start":{"line":2,"column":31},"end":{"line":2,"column":98}},"2":{"start":{"line":8,"column":4},"end":{"line":8,"column":32}},"3":{"start":{"line":10,"column":4},"end":{"line":10,"column":63}},"4":{"start":{"line":11,"column":4},"end":{"line":11,"column":69}},"5":{"start":{"line":15,"column":26},"end":{"line":15,"column":50}},"6":{"start":{"line":16,"column":30},"end":{"line":16,"column":80}},"7":{"start":{"line":17,"column":24},"end":{"line":17,"column":86}},"8":{"start":{"line":19,"column":21},"end":{"line":24,"column":6}},"9":{"start":{"line":25,"column":4},"end":{"line":25,"column":23}},"10":{"start":{"line":26,"column":4},"end":{"line":26,"column":20}},"11":{"start":{"line":30,"column":25},"end":{"line":30,"column":39}},"12":{"start":{"line":31,"column":35},"end":{"line":31,"column":91}},"13":{"start":{"line":32,"column":19},"end":{"line":32,"column":65}},"14":{"start":{"line":33,"column":4},"end":{"line":38,"column":6}},"15":{"start":{"line":42,"column":0},"end":{"line":42,"column":32}}},"fnMap":{"0":{"name":"(anonymous_0)","decl":{"start":{"line":7,"column":2},"end":{"line":7,"column":3}},"loc":{"start":{"line":7,"column":25},"end":{"line":12,"column":3}},"line":7},"1":{"name":"(anonymous_1)","decl":{"start":{"line":14,"column":2},"end":{"line":14,"column":3}},"loc":{"start":{"line":14,"column":38},"end":{"line":27,"column":3}},"line":14},"2":{"name":"(anonymous_2)","decl":{"start":{"line":29,"column":2},"end":{"line":29,"column":3}},"loc":{"start":{"line":29,"column":38},"end":{"line":39,"column":3}},"line":29}},"branchMap":{},"s":{"0":6,"1":6,"2":60,"3":60,"4":60,"5":3,"6":3,"7":3,"8":1,"9":1,"10":1,"11":2,"12":2,"13":2,"14":1,"15":6},"f":{"0":60,"1":3,"2":2},"b":{},"_coverageSchema":"1a1c01bbd47fc00a2c39e90264f33305004495a9","hash":"6ba2eeec1e09d47ac930d4228d43940099f96e6a"}
,"C:\\Users\\fajra\\Apps Development\\Dicoding Submission\\forum-api-starter-project\\src\\Interfaces\\http\\api\\threads\\index.js": {"path":"C:\\Users\\fajra\\Apps Development\\Dicoding Submission\\forum-api-starter-project\\src\\Interfaces\\http\\api\\threads\\index.js","statementMap":{"0":{"start":{"line":1,"column":23},"end":{"line":1,"column":43}},"1":{"start":{"line":2,"column":15},"end":{"line":2,"column":34}},"2":{"start":{"line":4,"column":0},"end":{"line":10,"column":2}},"3":{"start":{"line":7,"column":27},"end":{"line":7,"column":56}},"4":{"start":{"line":8,"column":4},"end":{"line":8,"column":41}}},"fnMap":{"0":{"name":"(anonymous_0)","decl":{"start":{"line":6,"column":12},"end":{"line":6,"column":13}},"loc":{"start":{"line":6,"column":45},"end":{"line":9,"column":3}},"line":6}},"branchMap":{},"s":{"0":6,"1":6,"2":6,"3":60,"4":60},"f":{"0":60},"b":{},"_coverageSchema":"1a1c01bbd47fc00a2c39e90264f33305004495a9","hash":"a78d2c3c1bf581075410a9107c5c84dfe7f320e8"}
,"C:\\Users\\fajra\\Apps Development\\Dicoding Submission\\forum-api-starter-project\\src\\Interfaces\\http\\api\\threads\\routes.js": {"path":"C:\\Users\\fajra\\Apps Development\\Dicoding Submission\\forum-api-starter-project\\src\\Interfaces\\http\\api\\threads\\routes.js","statementMap":{"0":{"start":{"line":1,"column":15},"end":{"line":15,"column":2}},"1":{"start":{"line":1,"column":29},"end":{"line":15,"column":1}},"2":{"start":{"line":17,"column":0},"end":{"line":17,"column":24}}},"fnMap":{"0":{"name":"(anonymous_0)","decl":{"start":{"line":1,"column":15},"end":{"line":1,"column":16}},"loc":{"start":{"line":1,"column":29},"end":{"line":15,"column":1}},"line":1}},"branchMap":{},"s":{"0":6,"1":60,"2":6},"f":{"0":60},"b":{},"_coverageSchema":"1a1c01bbd47fc00a2c39e90264f33305004495a9","hash":"c831bd08fae09c1160f60a208ff32a9b16c9f65b"}
,"C:\\Users\\fajra\\Apps Development\\Dicoding Submission\\forum-api-starter-project\\src\\Interfaces\\http\\api\\users\\handler.js": {"path":"C:\\Users\\fajra\\Apps Development\\Dicoding Submission\\forum-api-starter-project\\src\\Interfaces\\http\\api\\users\\handler.js","statementMap":{"0":{"start":{"line":1,"column":23},"end":{"line":1,"column":82}},"1":{"start":{"line":7,"column":4},"end":{"line":7,"column":32}},"2":{"start":{"line":9,"column":4},"end":{"line":9,"column":59}},"3":{"start":{"line":13,"column":27},"end":{"line":13,"column":75}},"4":{"start":{"line":14,"column":22},"end":{"line":14,"column":67}},"5":{"start":{"line":16,"column":21},"end":{"line":21,"column":6}},"6":{"start":{"line":22,"column":4},"end":{"line":22,"column":23}},"7":{"start":{"line":23,"column":4},"end":{"line":23,"column":20}},"8":{"start":{"line":27,"column":0},"end":{"line":27,"column":30}}},"fnMap":{"0":{"name":"(anonymous_0)","decl":{"start":{"line":6,"column":2},"end":{"line":6,"column":3}},"loc":{"start":{"line":6,"column":25},"end":{"line":10,"column":3}},"line":6},"1":{"name":"(anonymous_1)","decl":{"start":{"line":12,"column":2},"end":{"line":12,"column":3}},"loc":{"start":{"line":12,"column":36},"end":{"line":24,"column":3}},"line":12}},"branchMap":{},"s":{"0":6,"1":60,"2":60,"3":15,"4":14,"5":9,"6":9,"7":9,"8":6},"f":{"0":60,"1":15},"b":{},"_coverageSchema":"1a1c01bbd47fc00a2c39e90264f33305004495a9","hash":"4b20db12045429cd60c3e26e17368c28d7e28aa8"}
,"C:\\Users\\fajra\\Apps Development\\Dicoding Submission\\forum-api-starter-project\\src\\Interfaces\\http\\api\\users\\index.js": {"path":"C:\\Users\\fajra\\Apps Development\\Dicoding Submission\\forum-api-starter-project\\src\\Interfaces\\http\\api\\users\\index.js","statementMap":{"0":{"start":{"line":1,"column":21},"end":{"line":1,"column":41}},"1":{"start":{"line":2,"column":15},"end":{"line":2,"column":34}},"2":{"start":{"line":4,"column":0},"end":{"line":10,"column":2}},"3":{"start":{"line":7,"column":25},"end":{"line":7,"column":52}},"4":{"start":{"line":8,"column":4},"end":{"line":8,"column":39}}},"fnMap":{"0":{"name":"(anonymous_0)","decl":{"start":{"line":6,"column":12},"end":{"line":6,"column":13}},"loc":{"start":{"line":6,"column":45},"end":{"line":9,"column":3}},"line":6}},"branchMap":{},"s":{"0":6,"1":6,"2":6,"3":60,"4":60},"f":{"0":60},"b":{},"_coverageSchema":"1a1c01bbd47fc00a2c39e90264f33305004495a9","hash":"05f934eb37320e22c6220831b71dcda9189790f3"}
,"C:\\Users\\fajra\\Apps Development\\Dicoding Submission\\forum-api-starter-project\\src\\Interfaces\\http\\api\\users\\routes.js": {"path":"C:\\Users\\fajra\\Apps Development\\Dicoding Submission\\forum-api-starter-project\\src\\Interfaces\\http\\api\\users\\routes.js","statementMap":{"0":{"start":{"line":1,"column":15},"end":{"line":7,"column":2}},"1":{"start":{"line":1,"column":29},"end":{"line":7,"column":1}},"2":{"start":{"line":9,"column":0},"end":{"line":9,"column":24}}},"fnMap":{"0":{"name":"(anonymous_0)","decl":{"start":{"line":1,"column":15},"end":{"line":1,"column":16}},"loc":{"start":{"line":1,"column":29},"end":{"line":7,"column":1}},"line":1}},"branchMap":{},"s":{"0":6,"1":60,"2":6},"f":{"0":60},"b":{},"_coverageSchema":"1a1c01bbd47fc00a2c39e90264f33305004495a9","hash":"87025c95159047f8403323b98b19a6469135ce91"}
}
