TN:
SF:src\Applications\security\AuthenticationTokenManager.js
FN:2,(anonymous_0)
FN:6,(anonymous_1)
FN:10,(anonymous_2)
FN:14,(anonymous_3)
FNF:4
FNH:4
FNDA:1,(anonymous_0)
FNDA:1,(anonymous_1)
FNDA:1,(anonymous_2)
FNDA:1,(anonymous_3)
DA:3,1
DA:7,1
DA:11,1
DA:15,1
DA:19,9
LF:5
LH:5
BRF:0
BRH:0
end_of_record
TN:
SF:src\Applications\security\PasswordHash.js
FN:2,(anonymous_0)
FN:6,(anonymous_1)
FNF:2
FNH:2
FNDA:1,(anonymous_0)
FNDA:1,(anonymous_1)
DA:3,1
DA:7,1
DA:11,9
LF:3
LH:3
BRF:0
BRH:0
end_of_record
TN:
SF:src\Applications\use_case\AddCommentUseCase.js
FN:6,(anonymous_0)
FN:10,(anonymous_1)
FNF:2
FNH:2
FNDA:2,(anonymous_0)
FNDA:5,(anonymous_1)
DA:1,7
DA:7,2
DA:11,5
DA:12,3
DA:13,2
DA:17,7
LF:6
LH:6
BRF:0
BRH:0
end_of_record
TN:
SF:src\Applications\use_case\AddReplyUseCase.js
FN:6,(anonymous_0)
FN:10,(anonymous_1)
FNF:2
FNH:2
FNDA:2,(anonymous_0)
FNDA:6,(anonymous_1)
DA:1,7
DA:7,2
DA:11,6
DA:12,4
DA:13,2
DA:17,7
LF:6
LH:6
BRF:0
BRH:0
end_of_record
TN:
SF:src\Applications\use_case\AddThreadUseCase.js
FN:6,(anonymous_0)
FN:10,(anonymous_1)
FNF:2
FNH:2
FNDA:2,(anonymous_0)
FNDA:4,(anonymous_1)
DA:1,7
DA:7,2
DA:11,4
DA:12,2
DA:13,2
DA:17,7
LF:6
LH:6
BRF:0
BRH:0
end_of_record
TN:
SF:src\Applications\use_case\AddUserUseCase.js
FN:8,(anonymous_0)
FN:13,(anonymous_1)
FNF:2
FNH:2
FNDA:6,(anonymous_0)
FNDA:15,(anonymous_1)
DA:1,7
DA:9,6
DA:10,6
DA:14,15
DA:15,11
DA:16,11
DA:20,7
LF:7
LH:7
BRF:0
BRH:0
end_of_record
TN:
SF:src\Applications\use_case\DeleteCommentUseCase.js
FN:8,(anonymous_0)
FN:13,(anonymous_1)
FNF:2
FNH:2
FNDA:2,(anonymous_0)
FNDA:5,(anonymous_1)
DA:1,7
DA:9,2
DA:10,2
DA:14,5
DA:15,5
DA:16,4
DA:17,3
DA:18,2
DA:22,7
LF:9
LH:9
BRF:0
BRH:0
end_of_record
TN:
SF:src\Applications\use_case\DeleteReplyUseCase.js
FN:10,(anonymous_0)
FN:16,(anonymous_1)
FNF:2
FNH:2
FNDA:2,(anonymous_0)
FNDA:6,(anonymous_1)
DA:1,7
DA:11,2
DA:12,2
DA:13,2
DA:19,6
DA:20,6
DA:21,5
DA:22,4
DA:23,3
DA:24,2
DA:28,7
LF:11
LH:11
BRF:0
BRH:0
end_of_record
TN:
SF:src\Applications\use_case\GetThreadDetailUseCase.js
FN:12,(anonymous_0)
FN:18,(anonymous_1)
FN:22,(anonymous_2)
FN:25,(anonymous_3)
FN:27,(anonymous_4)
FNF:5
FNH:5
FNDA:5,(anonymous_0)
FNDA:6,(anonymous_1)
FNDA:2,(anonymous_2)
FNDA:2,(anonymous_3)
FNDA:2,(anonymous_4)
DA:1,7
DA:2,7
DA:3,7
DA:13,5
DA:14,5
DA:15,5
DA:19,6
DA:20,3
DA:21,3
DA:22,2
DA:23,3
DA:24,2
DA:25,2
DA:27,2
DA:29,2
DA:33,6
DA:34,1
DA:37,5
DA:38,1
DA:41,4
DA:42,1
DA:47,7
LF:22
LH:22
BRDA:33,0,0,1
BRDA:33,0,1,5
BRDA:37,1,0,1
BRDA:37,1,1,4
BRDA:41,2,0,1
BRDA:41,2,1,3
BRF:6
BRH:6
end_of_record
TN:
SF:src\Applications\use_case\LoginUserUseCase.js
FN:13,(anonymous_0)
FN:25,(anonymous_1)
FNF:2
FNH:2
FNDA:5,(anonymous_0)
FNDA:12,(anonymous_1)
DA:1,7
DA:2,7
DA:19,5
DA:20,5
DA:21,5
DA:22,5
DA:26,12
DA:28,10
DA:30,9
DA:32,8
DA:34,8
DA:36,8
DA:39,8
DA:44,8
DA:46,8
DA:50,7
LF:16
LH:16
BRF:0
BRH:0
end_of_record
TN:
SF:src\Applications\use_case\LogoutUserUseCase.js
FN:4,(anonymous_0)
FN:10,(anonymous_1)
FNF:2
FNH:2
FNDA:4,(anonymous_0)
FNDA:7,(anonymous_1)
DA:7,4
DA:11,7
DA:12,3
DA:13,3
DA:14,2
DA:18,7
DA:19,7
DA:20,2
DA:23,5
DA:24,2
DA:29,7
LF:11
LH:11
BRDA:19,0,0,2
BRDA:19,0,1,5
BRDA:23,1,0,2
BRDA:23,1,1,3
BRF:4
BRH:4
end_of_record
TN:
SF:src\Applications\use_case\RefreshAuthenticationUseCase.js
FN:9,(anonymous_0)
FN:17,(anonymous_1)
FNF:2
FNH:2
FNDA:5,(anonymous_0)
FNDA:9,(anonymous_1)
DA:1,7
DA:2,7
DA:13,5
DA:14,5
DA:18,9
DA:19,4
DA:21,4
DA:22,3
DA:24,2
DA:26,2
DA:30,9
DA:32,9
DA:33,2
DA:36,7
DA:37,2
DA:40,5
DA:41,1
DA:46,7
LF:18
LH:18
BRDA:32,0,0,2
BRDA:32,0,1,7
BRDA:36,1,0,2
BRDA:36,1,1,5
BRDA:40,2,0,1
BRDA:40,2,1,4
BRF:6
BRH:6
end_of_record
TN:
SF:src\Commons\exceptions\AuthenticationError.js
FN:4,(anonymous_0)
FNF:1
FNH:1
FNDA:3,(anonymous_0)
DA:1,7
DA:5,3
DA:6,3
DA:10,7
LF:4
LH:4
BRF:0
BRH:0
end_of_record
TN:
SF:src\Commons\exceptions\AuthorizationError.js
FN:4,(anonymous_0)
FNF:1
FNH:1
FNDA:5,(anonymous_0)
DA:1,8
DA:5,5
DA:6,5
DA:10,8
LF:4
LH:4
BRF:0
BRH:0
end_of_record
TN:
SF:src\Commons\exceptions\ClientError.js
FN:2,(anonymous_0)
FNF:1
FNH:1
FNDA:386,(anonymous_0)
DA:3,386
DA:5,386
DA:6,1
DA:9,385
DA:10,385
DA:14,19
LF:6
LH:6
BRDA:2,0,0,359
BRDA:5,1,0,1
BRDA:5,1,1,385
BRF:3
BRH:3
end_of_record
TN:
SF:src\Commons\exceptions\DomainErrorTranslator.js
FN:56,(anonymous_0)
FNF:1
FNH:1
FNDA:45,(anonymous_0)
DA:1,7
DA:4,7
DA:57,45
DA:61,7
LF:4
LH:4
BRDA:57,0,0,45
BRDA:57,0,1,25
BRF:2
BRH:2
end_of_record
TN:
SF:src\Commons\exceptions\InvariantError.js
FN:4,(anonymous_0)
FNF:1
FNH:1
FNDA:358,(anonymous_0)
DA:1,11
DA:5,358
DA:6,358
DA:10,11
LF:4
LH:4
BRF:0
BRH:0
end_of_record
TN:
SF:src\Commons\exceptions\NotFoundError.js
FN:4,(anonymous_0)
FNF:1
FNH:1
FNDA:19,(anonymous_0)
DA:1,9
DA:5,19
DA:6,19
DA:10,9
LF:4
LH:4
BRF:0
BRH:0
end_of_record
TN:
SF:src\Commons\utils\empty_string_validation.js
FN:4,(anonymous_0)
FNF:1
FNH:1
FNDA:253,(anonymous_0)
DA:2,27
DA:5,253
LF:2
LH:2
BRF:0
BRH:0
end_of_record
TN:
SF:src\Commons\utils\undefined_variable_validation.js
FN:3,(anonymous_0)
FNF:1
FNH:1
FNDA:759,(anonymous_0)
DA:3,759
DA:5,34
LF:2
LH:2
BRDA:3,0,0,759
BRDA:3,0,1,738
BRF:2
BRH:2
end_of_record
TN:
SF:src\Domains\authentications\AuthenticationRepository.js
FN:2,(anonymous_0)
FN:6,(anonymous_1)
FN:10,(anonymous_2)
FNF:3
FNH:3
FNDA:1,(anonymous_0)
FNDA:1,(anonymous_1)
FNDA:1,(anonymous_2)
DA:3,1
DA:7,1
DA:11,1
DA:15,10
LF:4
LH:4
BRF:0
BRH:0
end_of_record
TN:
SF:src\Domains\authentications\entities\NewAuth.js
FN:5,(anonymous_0)
FNF:1
FNH:1
FNDA:14,(anonymous_0)
DA:1,8
DA:2,8
DA:6,14
DA:8,10
DA:9,10
DA:13,14
DA:15,14
DA:16,1
DA:19,13
DA:20,1
DA:23,12
DA:24,1
DA:27,11
DA:28,1
DA:33,8
LF:15
LH:15
BRDA:15,0,0,1
BRDA:15,0,1,13
BRDA:15,1,0,14
BRDA:15,1,1,14
BRDA:19,2,0,1
BRDA:19,2,1,12
BRDA:19,3,0,13
BRDA:19,3,1,13
BRDA:23,4,0,1
BRDA:23,4,1,11
BRDA:27,5,0,1
BRDA:27,5,1,10
BRF:12
BRH:12
end_of_record
TN:
SF:src\Domains\comments\CommentRepository.js
FN:2,(anonymous_0)
FN:6,(anonymous_1)
FN:10,(anonymous_2)
FN:14,(anonymous_3)
FN:18,(anonymous_4)
FNF:5
FNH:5
FNDA:1,(anonymous_0)
FNDA:1,(anonymous_1)
FNDA:1,(anonymous_2)
FNDA:1,(anonymous_3)
FNDA:1,(anonymous_4)
DA:3,1
DA:7,1
DA:11,1
DA:15,1
DA:19,1
DA:23,11
LF:6
LH:6
BRF:0
BRH:0
end_of_record
TN:
SF:src\Domains\comments\entities\AddComment.js
FN:5,(anonymous_0)
FNF:1
FNH:1
FNDA:18,(anonymous_0)
DA:1,9
DA:2,9
DA:6,18
DA:8,9
DA:10,9
DA:11,9
DA:12,9
DA:16,18
DA:17,2
DA:20,16
DA:21,2
DA:24,14
DA:25,1
DA:28,13
DA:29,1
DA:32,12
DA:33,1
DA:36,11
DA:37,1
DA:40,10
DA:41,1
DA:46,9
LF:22
LH:22
BRDA:16,0,0,2
BRDA:16,0,1,16
BRDA:16,1,0,18
BRDA:16,1,1,18
BRDA:16,1,2,18
BRDA:20,2,0,2
BRDA:20,2,1,14
BRDA:20,3,0,16
BRDA:20,3,1,15
BRDA:20,3,2,15
BRDA:24,4,0,1
BRDA:24,4,1,13
BRDA:28,5,0,1
BRDA:28,5,1,12
BRDA:32,6,0,1
BRDA:32,6,1,11
BRDA:36,7,0,1
BRDA:36,7,1,10
BRDA:40,8,0,1
BRDA:40,8,1,9
BRF:20
BRH:20
end_of_record
TN:
SF:src\Domains\comments\entities\AddedComment.js
FN:4,(anonymous_0)
FNF:1
FNH:1
FNDA:17,(anonymous_0)
DA:1,10
DA:5,17
DA:9,15
DA:11,15
DA:12,15
DA:13,15
DA:19,17
DA:20,1
DA:23,16
DA:24,1
DA:29,10
LF:11
LH:11
BRDA:19,0,0,1
BRDA:19,0,1,16
BRDA:19,1,0,17
BRDA:19,1,1,17
BRDA:19,1,2,17
BRDA:23,2,0,1
BRDA:23,2,1,15
BRDA:23,3,0,16
BRDA:23,3,1,15
BRDA:23,3,2,15
BRF:10
BRH:10
end_of_record
TN:
SF:src\Domains\comments\entities\CommentDetail.js
FN:4,(anonymous_0)
FN:29,(anonymous_1)
FNF:2
FNH:2
FNDA:16,(anonymous_0)
FNDA:8,(anonymous_1)
DA:1,11
DA:5,16
DA:9,14
DA:11,14
DA:12,14
DA:13,14
DA:14,14
DA:20,16
DA:21,1
DA:24,15
DA:25,1
DA:32,8
DA:42,11
LF:13
LH:13
BRDA:20,0,0,1
BRDA:20,0,1,15
BRDA:20,1,0,16
BRDA:20,1,1,16
BRDA:20,1,2,16
BRDA:20,1,3,16
BRDA:24,2,0,1
BRDA:24,2,1,14
BRDA:24,3,0,15
BRDA:24,3,1,14
BRDA:24,3,2,14
BRDA:24,3,3,14
BRDA:34,4,0,6
BRDA:34,4,1,2
BRF:14
BRH:14
end_of_record
TN:
SF:src\Domains\comments\entities\CommentReplyDetail.js
FN:5,(anonymous_0)
FN:32,(anonymous_1)
FN:40,(anonymous_2)
FNF:3
FNH:3
FNDA:14,(anonymous_0)
FNDA:7,(anonymous_1)
FNDA:6,(anonymous_2)
DA:1,10
DA:2,10
DA:6,14
DA:10,12
DA:12,12
DA:13,12
DA:14,12
DA:15,12
DA:16,12
DA:22,14
DA:24,1
DA:27,13
DA:28,1
DA:35,7
DA:40,6
DA:45,10
LF:16
LH:16
BRDA:22,0,0,1
BRDA:22,0,1,13
BRDA:22,1,0,14
BRDA:22,1,1,14
BRDA:22,1,2,14
BRDA:22,1,3,14
BRDA:22,1,4,14
BRDA:27,2,0,1
BRDA:27,2,1,12
BRDA:27,3,0,13
BRDA:27,3,1,12
BRDA:27,3,2,12
BRDA:27,3,3,12
BRDA:27,3,4,12
BRDA:37,4,0,4
BRDA:37,4,1,3
BRDA:40,5,0,6
BRDA:40,5,1,1
BRF:18
BRH:18
end_of_record
TN:
SF:src\Domains\comments\entities\DeleteComment.js
FN:5,(anonymous_0)
FNF:1
FNH:1
FNDA:12,(anonymous_0)
DA:1,8
DA:2,8
DA:6,12
DA:8,7
DA:10,7
DA:11,7
DA:12,7
DA:16,12
DA:17,1
DA:20,11
DA:21,1
DA:24,10
DA:25,1
DA:28,9
DA:29,1
DA:32,8
DA:33,1
DA:38,8
LF:18
LH:18
BRDA:16,0,0,1
BRDA:16,0,1,11
BRDA:16,1,0,12
BRDA:16,1,1,11
BRDA:16,1,2,11
BRDA:20,2,0,1
BRDA:20,2,1,10
BRDA:20,3,0,11
BRDA:20,3,1,10
BRDA:20,3,2,10
BRDA:24,4,0,1
BRDA:24,4,1,9
BRDA:28,5,0,1
BRDA:28,5,1,8
BRDA:32,6,0,1
BRDA:32,6,1,7
BRF:16
BRH:16
end_of_record
TN:
SF:src\Domains\replies\ReplyRepository.js
FN:2,(anonymous_0)
FN:6,(anonymous_1)
FN:10,(anonymous_2)
FN:14,(anonymous_3)
FN:18,(anonymous_4)
FNF:5
FNH:5
FNDA:1,(anonymous_0)
FNDA:1,(anonymous_1)
FNDA:1,(anonymous_2)
FNDA:1,(anonymous_3)
FNDA:1,(anonymous_4)
DA:3,1
DA:7,1
DA:11,1
DA:15,1
DA:19,1
DA:23,10
LF:6
LH:6
BRF:0
BRH:0
end_of_record
TN:
SF:src\Domains\replies\entities\AddReply.js
FN:5,(anonymous_0)
FNF:1
FNH:1
FNDA:21,(anonymous_0)
DA:1,9
DA:2,9
DA:6,21
DA:13,10
DA:15,10
DA:16,10
DA:17,10
DA:18,10
DA:24,21
DA:26,2
DA:29,19
DA:31,2
DA:34,17
DA:35,1
DA:38,16
DA:39,1
DA:42,15
DA:43,1
DA:46,14
DA:47,1
DA:50,13
DA:51,1
DA:54,12
DA:55,1
DA:58,11
DA:59,1
DA:64,9
LF:27
LH:27
BRDA:24,0,0,2
BRDA:24,0,1,19
BRDA:24,1,0,21
BRDA:24,1,1,21
BRDA:24,1,2,21
BRDA:24,1,3,21
BRDA:29,2,0,2
BRDA:29,2,1,17
BRDA:29,3,0,19
BRDA:29,3,1,18
BRDA:29,3,2,18
BRDA:29,3,3,18
BRDA:34,4,0,1
BRDA:34,4,1,16
BRDA:38,5,0,1
BRDA:38,5,1,15
BRDA:42,6,0,1
BRDA:42,6,1,14
BRDA:46,7,0,1
BRDA:46,7,1,13
BRDA:50,8,0,1
BRDA:50,8,1,12
BRDA:54,9,0,1
BRDA:54,9,1,11
BRDA:58,10,0,1
BRDA:58,10,1,10
BRF:26
BRH:26
end_of_record
TN:
SF:src\Domains\replies\entities\DeleteReply.js
FN:5,(anonymous_0)
FNF:1
FNH:1
FNDA:14,(anonymous_0)
DA:1,8
DA:2,8
DA:6,14
DA:10,8
DA:12,8
DA:13,8
DA:14,8
DA:15,8
DA:21,14
DA:22,1
DA:25,13
DA:26,1
DA:29,12
DA:30,1
DA:33,11
DA:34,1
DA:37,10
DA:38,1
DA:41,9
DA:42,1
DA:47,8
LF:21
LH:21
BRDA:21,0,0,1
BRDA:21,0,1,13
BRDA:21,1,0,14
BRDA:21,1,1,13
BRDA:21,1,2,13
BRDA:21,1,3,13
BRDA:25,2,0,1
BRDA:25,2,1,12
BRDA:25,3,0,13
BRDA:25,3,1,12
BRDA:25,3,2,12
BRDA:29,4,0,1
BRDA:29,4,1,11
BRDA:33,5,0,1
BRDA:33,5,1,10
BRDA:37,6,0,1
BRDA:37,6,1,9
BRDA:41,7,0,1
BRDA:41,7,1,8
BRF:19
BRH:19
end_of_record
TN:
SF:src\Domains\threads\ThreadRepository.js
FN:2,(anonymous_0)
FN:6,(anonymous_1)
FN:10,(anonymous_2)
FNF:3
FNH:3
FNDA:1,(anonymous_0)
FNDA:1,(anonymous_1)
FNDA:1,(anonymous_2)
DA:3,1
DA:7,1
DA:11,1
DA:15,11
LF:4
LH:4
BRF:0
BRH:0
end_of_record
TN:
SF:src\Domains\threads\entities\AddThread.js
FN:5,(anonymous_0)
FNF:1
FNH:1
FNDA:14,(anonymous_0)
DA:1,9
DA:2,9
DA:6,14
DA:8,6
DA:10,6
DA:11,6
DA:12,6
DA:16,14
DA:17,2
DA:20,12
DA:21,2
DA:24,10
DA:25,1
DA:28,9
DA:29,1
DA:32,8
DA:33,1
DA:36,7
DA:37,1
DA:42,9
LF:20
LH:20
BRDA:16,0,0,2
BRDA:16,0,1,12
BRDA:16,1,0,14
BRDA:16,1,1,14
BRDA:16,1,2,13
BRDA:20,2,0,2
BRDA:20,2,1,10
BRDA:20,3,0,12
BRDA:20,3,1,11
BRDA:20,3,2,10
BRDA:24,4,0,1
BRDA:24,4,1,9
BRDA:28,5,0,1
BRDA:28,5,1,8
BRDA:32,6,0,1
BRDA:32,6,1,7
BRDA:36,7,0,1
BRDA:36,7,1,6
BRF:18
BRH:18
end_of_record
TN:
SF:src\Domains\threads\entities\AddedThread.js
FN:4,(anonymous_0)
FNF:1
FNH:1
FNDA:9,(anonymous_0)
DA:1,8
DA:5,9
DA:7,7
DA:9,7
DA:10,7
DA:11,7
DA:15,9
DA:16,1
DA:19,8
DA:20,1
DA:25,8
LF:11
LH:11
BRDA:15,0,0,1
BRDA:15,0,1,8
BRDA:15,1,0,9
BRDA:15,1,1,9
BRDA:15,1,2,9
BRDA:19,2,0,1
BRDA:19,2,1,7
BRDA:19,3,0,8
BRDA:19,3,1,7
BRDA:19,3,2,7
BRF:10
BRH:10
end_of_record
TN:
SF:src\Domains\threads\entities\ThreadDetail.js
FN:5,(anonymous_0)
FN:35,(anonymous_1)
FN:46,(anonymous_2)
FNF:3
FNH:3
FNDA:11,(anonymous_0)
FNDA:5,(anonymous_1)
FNDA:4,(anonymous_2)
DA:1,9
DA:2,9
DA:6,11
DA:10,9
DA:12,9
DA:13,9
DA:14,9
DA:15,9
DA:16,9
DA:17,9
DA:23,11
DA:25,1
DA:28,10
DA:31,1
DA:38,5
DA:46,4
DA:52,9
LF:17
LH:17
BRDA:23,0,0,1
BRDA:23,0,1,10
BRDA:23,1,0,11
BRDA:23,1,1,11
BRDA:23,1,2,11
BRDA:23,1,3,11
BRDA:23,1,4,11
BRDA:23,1,5,11
BRDA:28,2,0,1
BRDA:28,2,1,9
BRDA:28,3,0,10
BRDA:28,3,1,9
BRDA:28,3,2,9
BRDA:28,3,3,9
BRDA:28,3,4,9
BRDA:28,3,5,9
BRDA:45,4,0,4
BRDA:45,4,1,1
BRF:18
BRH:18
end_of_record
TN:
SF:src\Domains\users\UserRepository.js
FN:2,(anonymous_0)
FN:6,(anonymous_1)
FN:10,(anonymous_2)
FNF:3
FNH:3
FNDA:1,(anonymous_0)
FNDA:1,(anonymous_1)
FNDA:1,(anonymous_2)
DA:3,1
DA:7,1
DA:11,1
DA:15,9
LF:4
LH:4
BRF:0
BRH:0
end_of_record
TN:
SF:src\Domains\users\entities\RegisterUser.js
FN:5,(anonymous_0)
FNF:1
FNH:1
FNDA:26,(anonymous_0)
DA:1,9
DA:2,9
DA:6,26
DA:8,17
DA:10,17
DA:11,17
DA:12,17
DA:16,26
DA:17,2
DA:20,24
DA:21,2
DA:23,22
DA:24,1
DA:27,21
DA:28,2
DA:31,19
DA:32,2
DA:37,9
LF:18
LH:18
BRDA:16,0,0,2
BRDA:16,0,1,24
BRDA:16,1,0,26
BRDA:16,1,1,25
BRDA:16,1,2,25
BRDA:20,2,0,2
BRDA:20,2,1,22
BRDA:20,3,0,24
BRDA:20,3,1,23
BRDA:20,3,2,23
BRDA:23,4,0,1
BRDA:23,4,1,21
BRDA:27,5,0,2
BRDA:27,5,1,19
BRDA:31,6,0,2
BRDA:31,6,1,17
BRF:16
BRH:16
end_of_record
TN:
SF:src\Domains\users\entities\RegisteredUser.js
FN:4,(anonymous_0)
FNF:1
FNH:1
FNDA:18,(anonymous_0)
DA:1,8
DA:5,18
DA:7,16
DA:9,16
DA:10,16
DA:11,16
DA:15,18
DA:16,1
DA:19,17
DA:20,1
DA:25,8
LF:11
LH:11
BRDA:15,0,0,1
BRDA:15,0,1,17
BRDA:15,1,0,18
BRDA:15,1,1,17
BRDA:15,1,2,17
BRDA:19,2,0,1
BRDA:19,2,1,16
BRDA:19,3,0,17
BRDA:19,3,1,16
BRDA:19,3,2,16
BRF:10
BRH:10
end_of_record
TN:
SF:src\Domains\users\entities\UserLogin.js
FN:4,(anonymous_0)
FNF:1
FNH:1
FNDA:15,(anonymous_0)
DA:1,8
DA:5,15
DA:7,11
DA:8,11
DA:12,15
DA:14,15
DA:15,2
DA:18,13
DA:19,2
DA:24,8
LF:10
LH:10
BRDA:14,0,0,2
BRDA:14,0,1,13
BRDA:14,1,0,15
BRDA:14,1,1,15
BRDA:18,2,0,2
BRDA:18,2,1,11
BRDA:18,3,0,13
BRDA:18,3,1,12
BRF:8
BRH:8
end_of_record
TN:
SF:src\Infrastructures\http\createServer.js
FN:11,(anonymous_0)
FN:32,(anonymous_1)
FN:63,(anonymous_2)
FNF:3
FNH:3
FNDA:60,(anonymous_0)
FNDA:21,(anonymous_1)
FNDA:64,(anonymous_2)
DA:1,6
DA:2,6
DA:3,6
DA:4,6
DA:5,6
DA:6,6
DA:7,6
DA:8,6
DA:9,6
DA:11,6
DA:12,60
DA:18,60
DA:24,60
DA:32,21
DA:40,60
DA:63,60
DA:65,64
DA:67,64
DA:69,40
DA:72,40
DA:73,33
DA:77,33
DA:78,33
DA:82,7
DA:83,6
DA:87,1
DA:91,1
DA:92,1
DA:96,24
DA:99,60
DA:102,6
LF:31
LH:31
BRDA:67,0,0,40
BRDA:67,0,1,24
BRDA:72,1,0,33
BRDA:72,1,1,7
BRDA:82,2,0,6
BRDA:82,2,1,1
BRF:6
BRH:6
end_of_record
TN:
SF:src\Infrastructures\repository\AuthenticationRepositoryPostgres.js
FN:8,(anonymous_0)
FN:13,(anonymous_1)
FN:31,(anonymous_2)
FN:52,(anonymous_3)
FNF:4
FNH:4
FNDA:8,(anonymous_0)
FNDA:8,(anonymous_1)
FNDA:6,(anonymous_2)
FNDA:2,(anonymous_3)
DA:1,6
DA:2,6
DA:3,6
DA:9,8
DA:10,8
DA:14,8
DA:15,8
DA:19,8
DA:20,8
DA:21,8
DA:32,6
DA:37,6
DA:44,6
DA:48,3
DA:53,2
DA:54,2
DA:58,2
DA:59,2
DA:60,2
DA:71,6
LF:20
LH:20
BRDA:44,0,0,3
BRDA:44,0,1,3
BRF:2
BRH:2
end_of_record
TN:
SF:src\Infrastructures\repository\CommentRepositoryPostgres.js
FN:12,(anonymous_0)
FN:18,(anonymous_1)
FN:32,(anonymous_2)
FN:50,(anonymous_3)
FN:72,(anonymous_4)
FN:93,(anonymous_5)
FN:119,(anonymous_6)
FNF:7
FNH:7
FNDA:14,(anonymous_0)
FNDA:6,(anonymous_1)
FNDA:2,(anonymous_2)
FNDA:9,(anonymous_3)
FNDA:4,(anonymous_4)
FNDA:3,(anonymous_5)
FNDA:3,(anonymous_6)
DA:1,6
DA:2,6
DA:3,6
DA:4,6
DA:5,6
DA:13,14
DA:14,14
DA:15,14
DA:23,6
DA:24,6
DA:26,6
DA:31,6
DA:32,6
DA:33,2
DA:34,2
DA:39,2
DA:46,4
DA:47,4
DA:51,9
DA:56,9
DA:63,9
DA:68,3
DA:73,4
DA:78,4
DA:85,4
DA:89,2
DA:94,3
DA:96,3
DA:101,3
DA:102,3
DA:109,3
DA:111,3
DA:115,1
DA:120,3
DA:126,3
DA:133,3
DA:137,6
LF:37
LH:37
BRDA:34,0,0,2
BRDA:63,1,0,3
BRDA:85,2,0,2
BRDA:111,3,0,1
BRDA:111,3,1,2
BRF:5
BRH:5
end_of_record
TN:
SF:src\Infrastructures\repository\ReplyRepositoryPostgres.js
FN:12,(anonymous_0)
FN:18,(anonymous_1)
FN:32,(anonymous_2)
FN:58,(anonymous_3)
FN:80,(anonymous_4)
FN:101,(anonymous_5)
FN:126,(anonymous_6)
FNF:7
FNH:7
FNDA:13,(anonymous_0)
FNDA:7,(anonymous_1)
FNDA:4,(anonymous_2)
FNDA:5,(anonymous_3)
FNDA:4,(anonymous_4)
FNDA:3,(anonymous_5)
FNDA:3,(anonymous_6)
DA:1,6
DA:2,6
DA:3,6
DA:4,6
DA:5,6
DA:13,13
DA:14,13
DA:15,13
DA:24,7
DA:25,7
DA:27,7
DA:31,7
DA:32,7
DA:33,4
DA:34,4
DA:35,4
DA:40,1
DA:41,3
DA:46,3
DA:54,3
DA:55,3
DA:59,5
DA:64,5
DA:71,5
DA:76,2
DA:81,4
DA:86,4
DA:93,4
DA:97,2
DA:102,3
DA:104,3
DA:109,3
DA:110,3
DA:117,3
DA:118,3
DA:122,1
DA:127,3
DA:133,3
DA:140,3
DA:144,6
LF:40
LH:40
BRDA:34,0,0,4
BRDA:35,1,0,1
BRDA:35,1,1,3
BRDA:41,2,0,3
BRDA:71,3,0,2
BRDA:93,4,0,2
BRDA:118,5,0,1
BRDA:118,5,1,2
BRF:8
BRH:8
end_of_record
TN:
SF:src\Infrastructures\repository\ThreadRepositoryPostgres.js
FN:12,(anonymous_0)
FN:18,(anonymous_1)
FN:38,(anonymous_2)
FN:59,(anonymous_3)
FNF:4
FNH:4
FNDA:9,(anonymous_0)
FNDA:3,(anonymous_1)
FNDA:11,(anonymous_2)
FNDA:4,(anonymous_3)
DA:1,6
DA:2,6
DA:3,6
DA:4,6
DA:5,6
DA:13,9
DA:14,9
DA:15,9
DA:19,3
DA:20,3
DA:22,3
DA:26,3
DA:27,3
DA:34,3
DA:35,3
DA:39,11
DA:44,11
DA:51,11
DA:55,3
DA:60,4
DA:66,4
DA:73,4
DA:77,2
DA:80,2
DA:84,6
LF:25
LH:25
BRDA:51,0,0,3
BRDA:51,0,1,8
BRDA:73,1,0,2
BRDA:73,1,1,2
BRF:4
BRH:4
end_of_record
TN:
SF:src\Infrastructures\repository\UserRepositoryPostgres.js
FN:11,(anonymous_0)
FN:17,(anonymous_1)
FN:26,(anonymous_2)
FN:44,(anonymous_3)
FN:68,(anonymous_4)
FNF:5
FNH:5
FNDA:13,(anonymous_0)
FNDA:14,(anonymous_1)
FNDA:2,(anonymous_2)
FNDA:11,(anonymous_3)
FNDA:9,(anonymous_4)
DA:1,6
DA:2,6
DA:3,6
DA:4,6
DA:12,13
DA:13,13
DA:14,13
DA:18,14
DA:19,14
DA:21,14
DA:25,14
DA:26,14
DA:27,2
DA:28,2
DA:33,2
DA:40,12
DA:41,12
DA:45,11
DA:50,11
DA:57,11
DA:62,2
DA:65,9
DA:69,9
DA:74,9
DA:81,9
DA:86,1
DA:89,8
DA:91,8
DA:95,6
LF:29
LH:29
BRDA:28,0,0,2
BRDA:57,1,0,2
BRDA:57,1,1,9
BRDA:81,2,0,1
BRDA:81,2,1,8
BRF:5
BRH:5
end_of_record
TN:
SF:src\Infrastructures\security\BcryptPasswordHash.js
FN:9,(anonymous_0)
FN:15,(anonymous_1)
FN:19,(anonymous_2)
FNF:3
FNH:3
FNDA:8,(anonymous_0)
FNDA:12,(anonymous_1)
FNDA:10,(anonymous_2)
DA:1,6
DA:2,6
DA:10,8
DA:11,8
DA:12,8
DA:16,12
DA:20,10
DA:22,10
DA:23,2
DA:28,6
LF:10
LH:10
BRDA:9,0,0,8
BRDA:22,1,0,2
BRDA:22,1,1,8
BRF:3
BRH:3
end_of_record
TN:
SF:src\Infrastructures\security\JwtTokenManager.js
FN:7,(anonymous_0)
FN:12,(anonymous_1)
FN:16,(anonymous_2)
FN:20,(anonymous_3)
FN:29,(anonymous_4)
FNF:5
FNH:5
FNDA:9,(anonymous_0)
FNDA:11,(anonymous_1)
FNDA:10,(anonymous_2)
FNDA:5,(anonymous_3)
FNDA:2,(anonymous_4)
DA:1,6
DA:2,6
DA:8,9
DA:9,9
DA:13,11
DA:17,10
DA:21,5
DA:22,5
DA:23,4
DA:25,2
DA:30,2
DA:31,2
DA:35,6
LF:13
LH:13
BRF:0
BRH:0
end_of_record
TN:
SF:src\Interfaces\http\api\authentications\handler.js
FN:8,(anonymous_0)
FN:16,(anonymous_1)
FN:30,(anonymous_2)
FN:43,(anonymous_3)
FNF:4
FNH:4
FNDA:60,(anonymous_0)
FNDA:11,(anonymous_1)
FNDA:5,(anonymous_2)
FNDA:4,(anonymous_3)
DA:1,6
DA:2,6
DA:3,6
DA:9,60
DA:11,60
DA:12,60
DA:13,60
DA:17,11
DA:18,11
DA:19,7
DA:26,7
DA:27,7
DA:31,5
DA:33,5
DA:35,1
DA:44,4
DA:45,4
DA:46,1
DA:52,6
LF:19
LH:19
BRF:0
BRH:0
end_of_record
TN:
SF:src\Interfaces\http\api\authentications\index.js
FN:6,(anonymous_0)
FNF:1
FNH:1
FNDA:60,(anonymous_0)
DA:1,6
DA:2,6
DA:4,6
DA:7,60
DA:8,60
LF:5
LH:5
BRF:0
BRH:0
end_of_record
TN:
SF:src\Interfaces\http\api\authentications\routes.js
FN:1,(anonymous_0)
FNF:1
FNH:1
FNDA:60,(anonymous_0)
DA:1,60
DA:19,6
LF:2
LH:2
BRF:0
BRH:0
end_of_record
TN:
SF:src\Interfaces\http\api\comments\handler.js
FN:7,(anonymous_0)
FN:14,(anonymous_1)
FN:30,(anonymous_2)
FNF:3
FNH:3
FNDA:60,(anonymous_0)
FNDA:4,(anonymous_1)
FNDA:4,(anonymous_2)
DA:1,6
DA:2,6
DA:8,60
DA:10,60
DA:11,60
DA:15,4
DA:16,4
DA:17,4
DA:18,4
DA:20,1
DA:26,1
DA:27,1
DA:31,4
DA:32,4
DA:33,4
DA:34,4
DA:35,1
DA:41,6
LF:18
LH:18
BRF:0
BRH:0
end_of_record
TN:
SF:src\Interfaces\http\api\comments\index.js
FN:6,(anonymous_0)
FNF:1
FNH:1
FNDA:60,(anonymous_0)
DA:1,6
DA:2,6
DA:4,6
DA:7,60
DA:8,60
LF:5
LH:5
BRF:0
BRH:0
end_of_record
TN:
SF:src\Interfaces\http\api\comments\routes.js
FN:1,(anonymous_0)
FNF:1
FNH:1
FNDA:60,(anonymous_0)
DA:1,60
DA:20,6
LF:2
LH:2
BRF:0
BRH:0
end_of_record
TN:
SF:src\Interfaces\http\api\replies\handler.js
FN:7,(anonymous_0)
FN:14,(anonymous_1)
FN:32,(anonymous_2)
FNF:3
FNH:3
FNDA:60,(anonymous_0)
FNDA:5,(anonymous_1)
FNDA:5,(anonymous_2)
DA:1,6
DA:2,6
DA:8,60
DA:10,60
DA:11,60
DA:15,5
DA:16,5
DA:17,5
DA:18,5
DA:22,1
DA:28,1
DA:29,1
DA:33,5
DA:34,5
DA:35,5
DA:36,5
DA:39,1
DA:45,6
LF:18
LH:18
BRF:0
BRH:0
end_of_record
TN:
SF:src\Interfaces\http\api\replies\index.js
FN:6,(anonymous_0)
FNF:1
FNH:1
FNDA:60,(anonymous_0)
DA:1,6
DA:2,6
DA:4,6
DA:7,60
DA:8,60
LF:5
LH:5
BRF:0
BRH:0
end_of_record
TN:
SF:src\Interfaces\http\api\replies\routes.js
FN:1,(anonymous_0)
FNF:1
FNH:1
FNDA:60,(anonymous_0)
DA:1,60
DA:20,6
LF:2
LH:2
BRF:0
BRH:0
end_of_record
TN:
SF:src\Interfaces\http\api\threads\handler.js
FN:7,(anonymous_0)
FN:14,(anonymous_1)
FN:29,(anonymous_2)
FNF:3
FNH:3
FNDA:60,(anonymous_0)
FNDA:3,(anonymous_1)
FNDA:2,(anonymous_2)
DA:1,6
DA:2,6
DA:8,60
DA:10,60
DA:11,60
DA:15,3
DA:16,3
DA:17,3
DA:19,1
DA:25,1
DA:26,1
DA:30,2
DA:31,2
DA:32,2
DA:33,1
DA:42,6
LF:16
LH:16
BRF:0
BRH:0
end_of_record
TN:
SF:src\Interfaces\http\api\threads\index.js
FN:6,(anonymous_0)
FNF:1
FNH:1
FNDA:60,(anonymous_0)
DA:1,6
DA:2,6
DA:4,6
DA:7,60
DA:8,60
LF:5
LH:5
BRF:0
BRH:0
end_of_record
TN:
SF:src\Interfaces\http\api\threads\routes.js
FN:1,(anonymous_0)
FNF:1
FNH:1
FNDA:60,(anonymous_0)
DA:1,60
DA:17,6
LF:2
LH:2
BRF:0
BRH:0
end_of_record
TN:
SF:src\Interfaces\http\api\users\handler.js
FN:6,(anonymous_0)
FN:12,(anonymous_1)
FNF:2
FNH:2
FNDA:60,(anonymous_0)
FNDA:15,(anonymous_1)
DA:1,6
DA:7,60
DA:9,60
DA:13,15
DA:14,14
DA:16,9
DA:22,9
DA:23,9
DA:27,6
LF:9
LH:9
BRF:0
BRH:0
end_of_record
TN:
SF:src\Interfaces\http\api\users\index.js
FN:6,(anonymous_0)
FNF:1
FNH:1
FNDA:60,(anonymous_0)
DA:1,6
DA:2,6
DA:4,6
DA:7,60
DA:8,60
LF:5
LH:5
BRF:0
BRH:0
end_of_record
TN:
SF:src\Interfaces\http\api\users\routes.js
FN:1,(anonymous_0)
FNF:1
FNH:1
FNDA:60,(anonymous_0)
DA:1,60
DA:9,6
LF:2
LH:2
BRF:0
BRH:0
end_of_record
